------------------------------------------------------------------------------------------------------------------------

[2021-06-16 20:52:34 #1 type] 
Type com.objectdb.world.Country is not enhanced.

[2021-06-16 20:52:34 #2 type] 
Type com.objectdb.world.GDP is not enhanced.

[2021-06-16 20:52:34 #3 type] 
Type com.objectdb.world.City is not enhanced.

[2021-06-16 20:52:34 #4 type] 
Type com.objectdb.world.Border is not enhanced.

[2021-06-16 20:52:34 #5 type] 
Type com.objectdb.world.Coordinates is not enhanced.

------------------------------------------------------------------------------------------------------------------------

[2021-06-16 20:55:12 #1 type] 
Type com.objectdb.world.Country is not enhanced.

[2021-06-16 20:55:12 #2 type] 
Type com.objectdb.world.GDP is not enhanced.

[2021-06-16 20:55:12 #3 type] 
Type com.objectdb.world.City is not enhanced.

[2021-06-16 20:55:12 #4 type] 
Type com.objectdb.world.Border is not enhanced.

[2021-06-16 20:55:12 #5 type] 
Type com.objectdb.world.Coordinates is not enhanced.

------------------------------------------------------------------------------------------------------------------------

[2021-06-16 21:00:10 #1 type] 
Type com.objectdb.world.Country is not enhanced.

[2021-06-16 21:00:10 #2 type] 
Type com.objectdb.world.GDP is not enhanced.

[2021-06-16 21:00:10 #3 type] 
Type com.objectdb.world.City is not enhanced.

[2021-06-16 21:00:10 #4 type] 
Type com.objectdb.world.Border is not enhanced.

[2021-06-16 21:00:10 #5 type] 
Type com.objectdb.world.Coordinates is not enhanced.

------------------------------------------------------------------------------------------------------------------------

[2021-06-16 21:01:29 #1 type] 
Type com.objectdb.world.Country is not enhanced.

[2021-06-16 21:01:29 #2 type] 
Type com.objectdb.world.GDP is not enhanced.

[2021-06-16 21:01:29 #3 type] 
Type com.objectdb.world.City is not enhanced.

[2021-06-16 21:01:29 #4 type] 
Type com.objectdb.world.Border is not enhanced.

[2021-06-16 21:01:29 #5 type] 
Type com.objectdb.world.Coordinates is not enhanced.

------------------------------------------------------------------------------------------------------------------------

[2021-06-16 21:02:50 #1 type] 
Type com.objectdb.world.Country is not enhanced.

[2021-06-16 21:02:50 #2 type] 
Type com.objectdb.world.GDP is not enhanced.

[2021-06-16 21:02:50 #3 type] 
Type com.objectdb.world.City is not enhanced.

[2021-06-16 21:02:50 #4 type] 
Type com.objectdb.world.Border is not enhanced.

[2021-06-16 21:02:50 #5 type] 
Type com.objectdb.world.Coordinates is not enhanced.

------------------------------------------------------------------------------------------------------------------------

[2021-06-16 21:03:13 #1 type] 
Type com.objectdb.world.Country is not enhanced.

[2021-06-16 21:03:13 #2 type] 
Type com.objectdb.world.GDP is not enhanced.

[2021-06-16 21:03:13 #3 type] 
Type com.objectdb.world.City is not enhanced.

[2021-06-16 21:03:13 #4 type] 
Type com.objectdb.world.Border is not enhanced.

[2021-06-16 21:03:13 #5 type] 
Type com.objectdb.world.Coordinates is not enhanced.

------------------------------------------------------------------------------------------------------------------------

[2021-06-16 21:03:44 #1 type] 
Type com.objectdb.world.Country is not enhanced.

[2021-06-16 21:03:44 #2 type] 
Type com.objectdb.world.GDP is not enhanced.

[2021-06-16 21:03:44 #3 type] 
Type com.objectdb.world.City is not enhanced.

[2021-06-16 21:03:44 #4 type] 
Type com.objectdb.world.Border is not enhanced.

[2021-06-16 21:03:44 #5 type] 
Type com.objectdb.world.Coordinates is not enhanced.

------------------------------------------------------------------------------------------------------------------------

[2021-06-16 21:04:25 #1 type] 
Type com.objectdb.world.Country is not enhanced.

[2021-06-16 21:04:25 #2 type] 
Type com.objectdb.world.GDP is not enhanced.

[2021-06-16 21:04:25 #3 type] 
Type com.objectdb.world.City is not enhanced.

[2021-06-16 21:04:25 #4 type] 
Type com.objectdb.world.Border is not enhanced.

[2021-06-16 21:04:25 #5 type] 
Type com.objectdb.world.Coordinates is not enhanced.

------------------------------------------------------------------------------------------------------------------------

[2021-06-16 21:17:11 #1 type] 
Type com.objectdb.world.Country is not enhanced.

[2021-06-16 21:17:11 #2 type] 
Type com.objectdb.world.GDP is not enhanced.

[2021-06-16 21:17:11 #3 type] 
Type com.objectdb.world.City is not enhanced.

[2021-06-16 21:17:11 #4 type] 
Type com.objectdb.world.Border is not enhanced.

[2021-06-16 21:17:11 #5 type] 
Type com.objectdb.world.Coordinates is not enhanced.

------------------------------------------------------------------------------------------------------------------------

[2021-06-16 21:21:42 #1 type] 
Type com.objectdb.world.Country is not enhanced.

[2021-06-16 21:21:42 #2 type] 
Type com.objectdb.world.GDP is not enhanced.

[2021-06-16 21:21:42 #3 type] 
Type com.objectdb.world.City is not enhanced.

[2021-06-16 21:21:42 #4 type] 
Type com.objectdb.world.Border is not enhanced.

[2021-06-16 21:21:42 #5 type] 
Type com.objectdb.world.Coordinates is not enhanced.

------------------------------------------------------------------------------------------------------------------------

[2021-06-16 21:27:03 #1 type] 
Type com.objectdb.world.Country is not enhanced.

[2021-06-16 21:27:03 #2 type] 
Type com.objectdb.world.GDP is not enhanced.

[2021-06-16 21:27:03 #3 type] 
Type com.objectdb.world.City is not enhanced.

[2021-06-16 21:27:03 #4 type] 
Type com.objectdb.world.Border is not enhanced.

[2021-06-16 21:27:03 #5 type] 
Type com.objectdb.world.Coordinates is not enhanced.

------------------------------------------------------------------------------------------------------------------------

[2021-06-16 21:31:37 #1 type] 
Type com.objectdb.world.Country is not enhanced.

[2021-06-16 21:31:37 #2 type] 
Type com.objectdb.world.GDP is not enhanced.

[2021-06-16 21:31:37 #3 type] 
Type com.objectdb.world.City is not enhanced.

[2021-06-16 21:31:37 #4 type] 
Type com.objectdb.world.Border is not enhanced.

[2021-06-16 21:31:37 #5 type] 
Type com.objectdb.world.Coordinates is not enhanced.

------------------------------------------------------------------------------------------------------------------------

[2021-06-16 21:45:47 #1 type] 
Type com.objectdb.world.Country is not enhanced.

[2021-06-16 21:45:47 #2 type] 
Type com.objectdb.world.GDP is not enhanced.

[2021-06-16 21:45:47 #3 type] 
Type com.objectdb.world.City is not enhanced.

[2021-06-16 21:45:47 #4 type] 
Type com.objectdb.world.Border is not enhanced.

[2021-06-16 21:45:47 #5 type] 
Type com.objectdb.world.Coordinates is not enhanced.

------------------------------------------------------------------------------------------------------------------------

[2021-06-16 21:47:12 #1 type] 
Type com.objectdb.world.Country is not enhanced.

[2021-06-16 21:47:12 #2 type] 
Type com.objectdb.world.GDP is not enhanced.

[2021-06-16 21:47:12 #3 type] 
Type com.objectdb.world.City is not enhanced.

[2021-06-16 21:47:12 #4 type] 
Type com.objectdb.world.Border is not enhanced.

[2021-06-16 21:47:12 #5 type] 
Type com.objectdb.world.Coordinates is not enhanced.

------------------------------------------------------------------------------------------------------------------------

[2021-06-16 21:47:59 #1 type] 
Type com.objectdb.world.Country is not enhanced.

[2021-06-16 21:47:59 #2 type] 
Type com.objectdb.world.GDP is not enhanced.

[2021-06-16 21:47:59 #3 type] 
Type com.objectdb.world.City is not enhanced.

[2021-06-16 21:47:59 #4 type] 
Type com.objectdb.world.Border is not enhanced.

[2021-06-16 21:47:59 #5 type] 
Type com.objectdb.world.Coordinates is not enhanced.

------------------------------------------------------------------------------------------------------------------------

[2021-06-16 21:49:45 #1 type] 
Type com.objectdb.world.Country is not enhanced.

[2021-06-16 21:49:45 #2 type] 
Type com.objectdb.world.GDP is not enhanced.

[2021-06-16 21:49:45 #3 type] 
Type com.objectdb.world.City is not enhanced.

[2021-06-16 21:49:45 #4 type] 
Type com.objectdb.world.Border is not enhanced.

[2021-06-16 21:49:45 #5 type] 
Type com.objectdb.world.Coordinates is not enhanced.

------------------------------------------------------------------------------------------------------------------------

[2021-06-16 21:52:42 #1 type] 
Type com.objectdb.world.Country is not enhanced.

[2021-06-16 21:52:42 #2 type] 
Type com.objectdb.world.GDP is not enhanced.

[2021-06-16 21:52:42 #3 type] 
Type com.objectdb.world.City is not enhanced.

[2021-06-16 21:52:42 #4 type] 
Type com.objectdb.world.Border is not enhanced.

[2021-06-16 21:52:42 #5 type] 
Type com.objectdb.world.Coordinates is not enhanced.

------------------------------------------------------------------------------------------------------------------------

[2021-06-16 21:53:14 #1 type] 
Type com.objectdb.world.Country is not enhanced.

[2021-06-16 21:53:14 #2 type] 
Type com.objectdb.world.GDP is not enhanced.

[2021-06-16 21:53:14 #3 type] 
Type com.objectdb.world.City is not enhanced.

[2021-06-16 21:53:14 #4 type] 
Type com.objectdb.world.Border is not enhanced.

[2021-06-16 21:53:14 #5 type] 
Type com.objectdb.world.Coordinates is not enhanced.

------------------------------------------------------------------------------------------------------------------------

[2021-06-16 21:58:38 #1 type] 
Type com.objectdb.world.Country is not enhanced.

[2021-06-16 21:58:38 #2 type] 
Type com.objectdb.world.GDP is not enhanced.

[2021-06-16 21:58:38 #3 type] 
Type com.objectdb.world.City is not enhanced.

[2021-06-16 21:58:38 #4 type] 
Type com.objectdb.world.Border is not enhanced.

[2021-06-16 21:58:38 #5 type] 
Type com.objectdb.world.Coordinates is not enhanced.

------------------------------------------------------------------------------------------------------------------------

[2021-06-16 22:00:37 #1 type] 
Type com.objectdb.world.Country is not enhanced.

[2021-06-16 22:00:37 #2 type] 
Type com.objectdb.world.GDP is not enhanced.

[2021-06-16 22:00:37 #3 type] 
Type com.objectdb.world.City is not enhanced.

[2021-06-16 22:00:37 #4 type] 
Type com.objectdb.world.Border is not enhanced.

[2021-06-16 22:00:37 #5 type] 
Type com.objectdb.world.Coordinates is not enhanced.

------------------------------------------------------------------------------------------------------------------------

[2021-06-16 22:01:43 #1 type] 
Type com.objectdb.world.Country is not enhanced.

[2021-06-16 22:01:43 #2 type] 
Type com.objectdb.world.GDP is not enhanced.

[2021-06-16 22:01:43 #3 type] 
Type com.objectdb.world.City is not enhanced.

[2021-06-16 22:01:43 #4 type] 
Type com.objectdb.world.Border is not enhanced.

[2021-06-16 22:01:43 #5 type] 
Type com.objectdb.world.Coordinates is not enhanced.

------------------------------------------------------------------------------------------------------------------------

[2021-06-16 22:03:45 #1 type] 
Type com.objectdb.world.Country is not enhanced.

[2021-06-16 22:03:45 #2 type] 
Type com.objectdb.world.GDP is not enhanced.

[2021-06-16 22:03:45 #3 type] 
Type com.objectdb.world.City is not enhanced.

[2021-06-16 22:03:45 #4 type] 
Type com.objectdb.world.Border is not enhanced.

[2021-06-16 22:03:45 #5 type] 
Type com.objectdb.world.Coordinates is not enhanced.

------------------------------------------------------------------------------------------------------------------------

[2021-06-16 22:04:17 #1 type] 
Type com.objectdb.world.Country is not enhanced.

[2021-06-16 22:04:17 #2 type] 
Type com.objectdb.world.GDP is not enhanced.

[2021-06-16 22:04:17 #3 type] 
Type com.objectdb.world.City is not enhanced.

[2021-06-16 22:04:17 #4 type] 
Type com.objectdb.world.Border is not enhanced.

[2021-06-16 22:04:17 #5 type] 
Type com.objectdb.world.Coordinates is not enhanced.

------------------------------------------------------------------------------------------------------------------------

[2021-06-16 22:10:08 #1 type] 
Type com.objectdb.world.Country is not enhanced.

[2021-06-16 22:10:08 #2 type] 
Type com.objectdb.world.GDP is not enhanced.

[2021-06-16 22:10:08 #3 type] 
Type com.objectdb.world.City is not enhanced.

[2021-06-16 22:10:08 #4 type] 
Type com.objectdb.world.Border is not enhanced.

[2021-06-16 22:10:08 #5 type] 
Type com.objectdb.world.Coordinates is not enhanced.

------------------------------------------------------------------------------------------------------------------------

[2021-06-16 22:17:44 #1 type] 
Type com.objectdb.world.Country is not enhanced.

[2021-06-16 22:17:44 #2 type] 
Type com.objectdb.world.GDP is not enhanced.

[2021-06-16 22:17:44 #3 type] 
Type com.objectdb.world.City is not enhanced.

[2021-06-16 22:17:44 #4 type] 
Type com.objectdb.world.Border is not enhanced.

[2021-06-16 22:17:44 #5 type] 
Type com.objectdb.world.Coordinates is not enhanced.

------------------------------------------------------------------------------------------------------------------------

[2021-06-16 22:21:35 #1 type] 
Type com.objectdb.world.Country is not enhanced.

[2021-06-16 22:21:35 #2 type] 
Type com.objectdb.world.GDP is not enhanced.

[2021-06-16 22:21:35 #3 type] 
Type com.objectdb.world.City is not enhanced.

[2021-06-16 22:21:35 #4 type] 
Type com.objectdb.world.Border is not enhanced.

[2021-06-16 22:21:35 #5 type] 
Type com.objectdb.world.Coordinates is not enhanced.

------------------------------------------------------------------------------------------------------------------------

[2021-06-16 22:22:44 #1 type] 
Type com.objectdb.world.Country is not enhanced.

[2021-06-16 22:22:44 #2 type] 
Type com.objectdb.world.GDP is not enhanced.

[2021-06-16 22:22:44 #3 type] 
Type com.objectdb.world.City is not enhanced.

[2021-06-16 22:22:44 #4 type] 
Type com.objectdb.world.Border is not enhanced.

[2021-06-16 22:22:44 #5 type] 
Type com.objectdb.world.Coordinates is not enhanced.

------------------------------------------------------------------------------------------------------------------------

[2021-06-16 22:24:27 #1 type] 
Type com.objectdb.world.Country is not enhanced.

[2021-06-16 22:24:27 #2 type] 
Type com.objectdb.world.GDP is not enhanced.

[2021-06-16 22:24:27 #3 type] 
Type com.objectdb.world.City is not enhanced.

[2021-06-16 22:24:27 #4 type] 
Type com.objectdb.world.Border is not enhanced.

[2021-06-16 22:24:27 #5 type] 
Type com.objectdb.world.Coordinates is not enhanced.

------------------------------------------------------------------------------------------------------------------------

[2021-06-16 22:26:29 #1 type] 
Type com.objectdb.world.Country is not enhanced.

[2021-06-16 22:26:29 #2 type] 
Type com.objectdb.world.GDP is not enhanced.

[2021-06-16 22:26:29 #3 type] 
Type com.objectdb.world.City is not enhanced.

[2021-06-16 22:26:29 #4 type] 
Type com.objectdb.world.Border is not enhanced.

[2021-06-16 22:26:29 #5 type] 
Type com.objectdb.world.Coordinates is not enhanced.

------------------------------------------------------------------------------------------------------------------------

[2021-06-16 22:27:45 #1 type] 
Type com.objectdb.world.Country is not enhanced.

[2021-06-16 22:27:45 #2 type] 
Type com.objectdb.world.GDP is not enhanced.

[2021-06-16 22:27:45 #3 type] 
Type com.objectdb.world.City is not enhanced.

[2021-06-16 22:27:45 #4 type] 
Type com.objectdb.world.Border is not enhanced.

[2021-06-16 22:27:45 #5 type] 
Type com.objectdb.world.Coordinates is not enhanced.

------------------------------------------------------------------------------------------------------------------------

[2021-06-16 22:28:19 #1 type] 
Type com.objectdb.world.Country is not enhanced.

[2021-06-16 22:28:19 #2 type] 
Type com.objectdb.world.GDP is not enhanced.

[2021-06-16 22:28:19 #3 type] 
Type com.objectdb.world.City is not enhanced.

[2021-06-16 22:28:19 #4 type] 
Type com.objectdb.world.Border is not enhanced.

[2021-06-16 22:28:19 #5 type] 
Type com.objectdb.world.Coordinates is not enhanced.

------------------------------------------------------------------------------------------------------------------------

[2021-06-16 22:28:30 #1 type] 
Type com.objectdb.world.Country is not enhanced.

[2021-06-16 22:28:30 #2 type] 
Type com.objectdb.world.GDP is not enhanced.

[2021-06-16 22:28:30 #3 type] 
Type com.objectdb.world.City is not enhanced.

[2021-06-16 22:28:30 #4 type] 
Type com.objectdb.world.Border is not enhanced.

[2021-06-16 22:28:30 #5 type] 
Type com.objectdb.world.Coordinates is not enhanced.

------------------------------------------------------------------------------------------------------------------------

[2021-06-16 22:28:34 #1 type] 
Type com.objectdb.world.Country is not enhanced.

[2021-06-16 22:28:34 #2 type] 
Type com.objectdb.world.GDP is not enhanced.

[2021-06-16 22:28:34 #3 type] 
Type com.objectdb.world.City is not enhanced.

[2021-06-16 22:28:34 #4 type] 
Type com.objectdb.world.Border is not enhanced.

[2021-06-16 22:28:34 #5 type] 
Type com.objectdb.world.Coordinates is not enhanced.

------------------------------------------------------------------------------------------------------------------------

[2021-06-16 22:28:38 #1 type] 
Type com.objectdb.world.Country is not enhanced.

[2021-06-16 22:28:38 #2 type] 
Type com.objectdb.world.GDP is not enhanced.

[2021-06-16 22:28:38 #3 type] 
Type com.objectdb.world.City is not enhanced.

[2021-06-16 22:28:38 #4 type] 
Type com.objectdb.world.Border is not enhanced.

[2021-06-16 22:28:38 #5 type] 
Type com.objectdb.world.Coordinates is not enhanced.

------------------------------------------------------------------------------------------------------------------------

[2021-06-16 22:28:43 #1 type] 
Type com.objectdb.world.Country is not enhanced.

[2021-06-16 22:28:43 #2 type] 
Type com.objectdb.world.GDP is not enhanced.

[2021-06-16 22:28:43 #3 type] 
Type com.objectdb.world.City is not enhanced.

[2021-06-16 22:28:43 #4 type] 
Type com.objectdb.world.Border is not enhanced.

[2021-06-16 22:28:43 #5 type] 
Type com.objectdb.world.Coordinates is not enhanced.

------------------------------------------------------------------------------------------------------------------------

[2021-06-16 22:36:30 #1 type] 
Type com.objectdb.world.Country is not enhanced.

[2021-06-16 22:36:30 #2 type] 
Type com.objectdb.world.GDP is not enhanced.

[2021-06-16 22:36:30 #3 type] 
Type com.objectdb.world.City is not enhanced.

[2021-06-16 22:36:30 #4 type] 
Type com.objectdb.world.Border is not enhanced.

[2021-06-16 22:36:30 #5 type] 
Type com.objectdb.world.Coordinates is not enhanced.

------------------------------------------------------------------------------------------------------------------------

[2021-06-16 22:36:37 #1 type] 
Type com.objectdb.world.Country is not enhanced.

[2021-06-16 22:36:37 #2 type] 
Type com.objectdb.world.GDP is not enhanced.

[2021-06-16 22:36:37 #3 type] 
Type com.objectdb.world.City is not enhanced.

[2021-06-16 22:36:37 #4 type] 
Type com.objectdb.world.Border is not enhanced.

[2021-06-16 22:36:37 #5 type] 
Type com.objectdb.world.Coordinates is not enhanced.

------------------------------------------------------------------------------------------------------------------------

[2021-06-16 22:38:19 #1 type] 
Type com.objectdb.world.Country is not enhanced.

[2021-06-16 22:38:19 #2 type] 
Type com.objectdb.world.GDP is not enhanced.

[2021-06-16 22:38:19 #3 type] 
Type com.objectdb.world.City is not enhanced.

[2021-06-16 22:38:19 #4 type] 
Type com.objectdb.world.Border is not enhanced.

[2021-06-16 22:38:19 #5 type] 
Type com.objectdb.world.Coordinates is not enhanced.

------------------------------------------------------------------------------------------------------------------------

[2021-06-16 22:39:57 #1 type] 
Type com.objectdb.world.Country is not enhanced.

[2021-06-16 22:39:57 #2 type] 
Type com.objectdb.world.GDP is not enhanced.

[2021-06-16 22:39:57 #3 type] 
Type com.objectdb.world.City is not enhanced.

[2021-06-16 22:39:57 #4 type] 
Type com.objectdb.world.Border is not enhanced.

[2021-06-16 22:39:57 #5 type] 
Type com.objectdb.world.Coordinates is not enhanced.

------------------------------------------------------------------------------------------------------------------------

[2021-06-16 22:40:58 #1 type] 
Type com.objectdb.world.Country is not enhanced.

[2021-06-16 22:40:58 #2 type] 
Type com.objectdb.world.GDP is not enhanced.

[2021-06-16 22:40:58 #3 type] 
Type com.objectdb.world.City is not enhanced.

[2021-06-16 22:40:58 #4 type] 
Type com.objectdb.world.Border is not enhanced.

[2021-06-16 22:40:58 #5 type] 
Type com.objectdb.world.Coordinates is not enhanced.

------------------------------------------------------------------------------------------------------------------------

[2021-06-16 22:42:06 #1 type] 
Type com.objectdb.world.Country is not enhanced.

[2021-06-16 22:42:06 #2 type] 
Type com.objectdb.world.GDP is not enhanced.

[2021-06-16 22:42:06 #3 type] 
Type com.objectdb.world.City is not enhanced.

[2021-06-16 22:42:06 #4 type] 
Type com.objectdb.world.Border is not enhanced.

[2021-06-16 22:42:06 #5 type] 
Type com.objectdb.world.Coordinates is not enhanced.

------------------------------------------------------------------------------------------------------------------------

[2021-06-16 22:51:51 #1 type] 
Type com.objectdb.world.Country is not enhanced.

[2021-06-16 22:51:51 #2 type] 
Type com.objectdb.world.GDP is not enhanced.

[2021-06-16 22:51:51 #3 type] 
Type com.objectdb.world.City is not enhanced.

[2021-06-16 22:51:51 #4 type] 
Type com.objectdb.world.Border is not enhanced.

[2021-06-16 22:51:51 #5 type] 
Type com.objectdb.world.Coordinates is not enhanced.

------------------------------------------------------------------------------------------------------------------------

[2021-06-16 22:52:19 #1 type] 
Type com.objectdb.world.Country is not enhanced.

[2021-06-16 22:52:19 #2 type] 
Type com.objectdb.world.GDP is not enhanced.

[2021-06-16 22:52:19 #3 type] 
Type com.objectdb.world.City is not enhanced.

[2021-06-16 22:52:19 #4 type] 
Type com.objectdb.world.Border is not enhanced.

[2021-06-16 22:52:19 #5 type] 
Type com.objectdb.world.Coordinates is not enhanced.

------------------------------------------------------------------------------------------------------------------------

[2021-06-16 22:52:58 #1 type] 
Type com.objectdb.world.Country is not enhanced.

[2021-06-16 22:52:58 #2 type] 
Type com.objectdb.world.GDP is not enhanced.

[2021-06-16 22:52:58 #3 type] 
Type com.objectdb.world.City is not enhanced.

[2021-06-16 22:52:58 #4 type] 
Type com.objectdb.world.Border is not enhanced.

[2021-06-16 22:52:58 #5 type] 
Type com.objectdb.world.Coordinates is not enhanced.

------------------------------------------------------------------------------------------------------------------------

[2021-06-16 22:54:01 #1 type] 
Type com.objectdb.world.Country is not enhanced.

[2021-06-16 22:54:01 #2 type] 
Type com.objectdb.world.GDP is not enhanced.

[2021-06-16 22:54:01 #3 type] 
Type com.objectdb.world.City is not enhanced.

[2021-06-16 22:54:01 #4 type] 
Type com.objectdb.world.Border is not enhanced.

[2021-06-16 22:54:01 #5 type] 
Type com.objectdb.world.Coordinates is not enhanced.

------------------------------------------------------------------------------------------------------------------------

[2021-06-16 22:56:54 #1 type] 
Type com.objectdb.world.Country is not enhanced.

[2021-06-16 22:56:54 #2 type] 
Type com.objectdb.world.GDP is not enhanced.

[2021-06-16 22:56:54 #3 type] 
Type com.objectdb.world.City is not enhanced.

[2021-06-16 22:56:54 #4 type] 
Type com.objectdb.world.Border is not enhanced.

[2021-06-16 22:56:54 #5 type] 
Type com.objectdb.world.Coordinates is not enhanced.

------------------------------------------------------------------------------------------------------------------------

[2021-06-16 23:02:04 #1 type] 
Type com.objectdb.world.Country is not enhanced.

[2021-06-16 23:02:04 #2 type] 
Type com.objectdb.world.GDP is not enhanced.

[2021-06-16 23:02:04 #3 type] 
Type com.objectdb.world.City is not enhanced.

[2021-06-16 23:02:04 #4 type] 
Type com.objectdb.world.Border is not enhanced.

[2021-06-16 23:02:04 #5 type] 
Type com.objectdb.world.Coordinates is not enhanced.

------------------------------------------------------------------------------------------------------------------------

[2021-06-16 23:17:35 #1 type] 
Type com.objectdb.world.Country is not enhanced.

[2021-06-16 23:17:35 #2 type] 
Type com.objectdb.world.GDP is not enhanced.

[2021-06-16 23:17:35 #3 type] 
Type com.objectdb.world.City is not enhanced.

[2021-06-16 23:17:35 #4 type] 
Type com.objectdb.world.Border is not enhanced.

[2021-06-16 23:17:35 #5 type] 
Type com.objectdb.world.Coordinates is not enhanced.

------------------------------------------------------------------------------------------------------------------------

[2021-06-16 23:21:37 #1 type] 
Type com.objectdb.world.Country is not enhanced.

[2021-06-16 23:21:37 #2 type] 
Type com.objectdb.world.GDP is not enhanced.

[2021-06-16 23:21:37 #3 type] 
Type com.objectdb.world.City is not enhanced.

[2021-06-16 23:21:37 #4 type] 
Type com.objectdb.world.Border is not enhanced.

[2021-06-16 23:21:37 #5 type] 
Type com.objectdb.world.Coordinates is not enhanced.

------------------------------------------------------------------------------------------------------------------------

[2021-06-16 23:32:46 #1 type] 
Type com.objectdb.world.Country is not enhanced.

[2021-06-16 23:32:46 #2 type] 
Type com.objectdb.world.GDP is not enhanced.

[2021-06-16 23:32:46 #3 type] 
Type com.objectdb.world.City is not enhanced.

[2021-06-16 23:32:46 #4 type] 
Type com.objectdb.world.Border is not enhanced.

[2021-06-16 23:32:46 #5 type] 
Type com.objectdb.world.Coordinates is not enhanced.

------------------------------------------------------------------------------------------------------------------------

[2021-06-16 23:34:07 #1 type] 
Type com.objectdb.world.Country is not enhanced.

[2021-06-16 23:34:07 #2 type] 
Type com.objectdb.world.GDP is not enhanced.

[2021-06-16 23:34:07 #3 type] 
Type com.objectdb.world.City is not enhanced.

[2021-06-16 23:34:07 #4 type] 
Type com.objectdb.world.Border is not enhanced.

[2021-06-16 23:34:07 #5 type] 
Type com.objectdb.world.Coordinates is not enhanced.

------------------------------------------------------------------------------------------------------------------------

[2021-06-16 23:34:30 #1 type] 
Type com.objectdb.world.Country is not enhanced.

[2021-06-16 23:34:30 #2 type] 
Type com.objectdb.world.GDP is not enhanced.

[2021-06-16 23:34:30 #3 type] 
Type com.objectdb.world.City is not enhanced.

[2021-06-16 23:34:30 #4 type] 
Type com.objectdb.world.Border is not enhanced.

[2021-06-16 23:34:30 #5 type] 
Type com.objectdb.world.Coordinates is not enhanced.

