------------------------------------------------------------------------------------------------------------------------

[2021-05-29 00:01:08 #1 type] 
Type com.objectdb.world.Country is not enhanced.

[2021-05-29 00:01:08 #2 type] 
Type com.objectdb.world.GDP is not enhanced.

[2021-05-29 00:01:08 #3 type] 
Type com.objectdb.world.City is not enhanced.

[2021-05-29 00:01:08 #4 type] 
Type com.objectdb.world.Border is not enhanced.

[2021-05-29 00:01:08 #5 type] 
Type com.objectdb.world.Coordinates is not enhanced.

------------------------------------------------------------------------------------------------------------------------

[2021-05-29 00:01:38 #1 type] 
Type com.objectdb.world.Country is not enhanced.

[2021-05-29 00:01:38 #2 type] 
Type com.objectdb.world.GDP is not enhanced.

[2021-05-29 00:01:38 #3 type] 
Type com.objectdb.world.City is not enhanced.

[2021-05-29 00:01:38 #4 type] 
Type com.objectdb.world.Border is not enhanced.

[2021-05-29 00:01:38 #5 type] 
Type com.objectdb.world.Coordinates is not enhanced.

------------------------------------------------------------------------------------------------------------------------

[2021-05-29 00:04:06 #1 type] 
Type com.objectdb.world.Country is not enhanced.

[2021-05-29 00:04:06 #2 type] 
Type com.objectdb.world.GDP is not enhanced.

[2021-05-29 00:04:06 #3 type] 
Type com.objectdb.world.City is not enhanced.

[2021-05-29 00:04:06 #4 type] 
Type com.objectdb.world.Border is not enhanced.

[2021-05-29 00:04:06 #5 type] 
Type com.objectdb.world.Coordinates is not enhanced.

------------------------------------------------------------------------------------------------------------------------

[2021-05-29 00:07:06 #1 type] 
Type com.objectdb.world.Country is not enhanced.

[2021-05-29 00:07:06 #2 type] 
Type com.objectdb.world.GDP is not enhanced.

[2021-05-29 00:07:06 #3 type] 
Type com.objectdb.world.City is not enhanced.

[2021-05-29 00:07:06 #4 type] 
Type com.objectdb.world.Border is not enhanced.

[2021-05-29 00:07:06 #5 type] 
Type com.objectdb.world.Coordinates is not enhanced.

------------------------------------------------------------------------------------------------------------------------

[2021-05-29 00:18:19 #1 type] 
Type com.objectdb.world.Country is not enhanced.

[2021-05-29 00:18:19 #2 type] 
Type com.objectdb.world.GDP is not enhanced.

[2021-05-29 00:18:19 #3 type] 
Type com.objectdb.world.City is not enhanced.

[2021-05-29 00:18:19 #4 type] 
Type com.objectdb.world.Border is not enhanced.

[2021-05-29 00:18:19 #5 type] 
Type com.objectdb.world.Coordinates is not enhanced.

