------------------------------------------------------------------------------------------------------------------------

[2021-05-28 22:29:38 #1 type] 
Type com.objectdb.world.Country is not enhanced.

[2021-05-28 22:29:38 #2 type] 
Type com.objectdb.world.GDP is not enhanced.

[2021-05-28 22:29:38 #3 type] 
Type com.objectdb.world.City is not enhanced.

[2021-05-28 22:29:38 #4 type] 
Type com.objectdb.world.Border is not enhanced.

[2021-05-28 22:29:38 #5 type] 
Type com.objectdb.world.Coordinates is not enhanced.

------------------------------------------------------------------------------------------------------------------------

[2021-05-28 22:32:56 #1 type] 
Type com.objectdb.world.Country is not enhanced.

[2021-05-28 22:32:56 #2 type] 
Type com.objectdb.world.GDP is not enhanced.

[2021-05-28 22:32:56 #3 type] 
Type com.objectdb.world.City is not enhanced.

[2021-05-28 22:32:56 #4 type] 
Type com.objectdb.world.Border is not enhanced.

[2021-05-28 22:32:56 #5 type] 
Type com.objectdb.world.Coordinates is not enhanced.

------------------------------------------------------------------------------------------------------------------------

[2021-05-28 22:33:23 #1 type] 
Type com.objectdb.world.Country is not enhanced.

[2021-05-28 22:33:23 #2 type] 
Type com.objectdb.world.GDP is not enhanced.

[2021-05-28 22:33:23 #3 type] 
Type com.objectdb.world.City is not enhanced.

[2021-05-28 22:33:23 #4 type] 
Type com.objectdb.world.Border is not enhanced.

[2021-05-28 22:33:23 #5 type] 
Type com.objectdb.world.Coordinates is not enhanced.

------------------------------------------------------------------------------------------------------------------------

[2021-05-28 22:40:39 #1 type] 
Type com.objectdb.world.Country is not enhanced.

[2021-05-28 22:40:39 #2 type] 
Type com.objectdb.world.GDP is not enhanced.

[2021-05-28 22:40:39 #3 type] 
Type com.objectdb.world.City is not enhanced.

[2021-05-28 22:40:39 #4 type] 
Type com.objectdb.world.Border is not enhanced.

[2021-05-28 22:40:39 #5 type] 
Type com.objectdb.world.Coordinates is not enhanced.

------------------------------------------------------------------------------------------------------------------------

[2021-05-28 22:41:43 #1 type] 
Type com.objectdb.world.Country is not enhanced.

[2021-05-28 22:41:43 #2 type] 
Type com.objectdb.world.GDP is not enhanced.

[2021-05-28 22:41:43 #3 type] 
Type com.objectdb.world.City is not enhanced.

[2021-05-28 22:41:43 #4 type] 
Type com.objectdb.world.Border is not enhanced.

[2021-05-28 22:41:43 #5 type] 
Type com.objectdb.world.Coordinates is not enhanced.

------------------------------------------------------------------------------------------------------------------------

[2021-05-28 22:41:59 #1 type] 
Type com.objectdb.world.Country is not enhanced.

[2021-05-28 22:41:59 #2 type] 
Type com.objectdb.world.GDP is not enhanced.

[2021-05-28 22:41:59 #3 type] 
Type com.objectdb.world.City is not enhanced.

[2021-05-28 22:41:59 #4 type] 
Type com.objectdb.world.Border is not enhanced.

[2021-05-28 22:41:59 #5 type] 
Type com.objectdb.world.Coordinates is not enhanced.

------------------------------------------------------------------------------------------------------------------------

[2021-05-28 22:42:28 #1 type] 
Type com.objectdb.world.Country is not enhanced.

[2021-05-28 22:42:28 #2 type] 
Type com.objectdb.world.GDP is not enhanced.

[2021-05-28 22:42:28 #3 type] 
Type com.objectdb.world.City is not enhanced.

[2021-05-28 22:42:28 #4 type] 
Type com.objectdb.world.Border is not enhanced.

[2021-05-28 22:42:28 #5 type] 
Type com.objectdb.world.Coordinates is not enhanced.

------------------------------------------------------------------------------------------------------------------------

[2021-05-28 22:43:55 #1 type] 
Type com.objectdb.world.Country is not enhanced.

[2021-05-28 22:43:55 #2 type] 
Type com.objectdb.world.GDP is not enhanced.

[2021-05-28 22:43:55 #3 type] 
Type com.objectdb.world.City is not enhanced.

[2021-05-28 22:43:55 #4 type] 
Type com.objectdb.world.Border is not enhanced.

[2021-05-28 22:43:55 #5 type] 
Type com.objectdb.world.Coordinates is not enhanced.

------------------------------------------------------------------------------------------------------------------------

[2021-05-28 22:44:37 #1 type] 
Type com.objectdb.world.Country is not enhanced.

[2021-05-28 22:44:37 #2 type] 
Type com.objectdb.world.GDP is not enhanced.

[2021-05-28 22:44:37 #3 type] 
Type com.objectdb.world.City is not enhanced.

[2021-05-28 22:44:37 #4 type] 
Type com.objectdb.world.Border is not enhanced.

[2021-05-28 22:44:37 #5 type] 
Type com.objectdb.world.Coordinates is not enhanced.

------------------------------------------------------------------------------------------------------------------------

[2021-05-28 22:44:59 #1 type] 
Type com.objectdb.world.Country is not enhanced.

[2021-05-28 22:44:59 #2 type] 
Type com.objectdb.world.GDP is not enhanced.

[2021-05-28 22:44:59 #3 type] 
Type com.objectdb.world.City is not enhanced.

[2021-05-28 22:44:59 #4 type] 
Type com.objectdb.world.Border is not enhanced.

[2021-05-28 22:44:59 #5 type] 
Type com.objectdb.world.Coordinates is not enhanced.

------------------------------------------------------------------------------------------------------------------------

[2021-05-28 22:45:43 #1 type] 
Type com.objectdb.world.Country is not enhanced.

[2021-05-28 22:45:43 #2 type] 
Type com.objectdb.world.GDP is not enhanced.

[2021-05-28 22:45:43 #3 type] 
Type com.objectdb.world.City is not enhanced.

[2021-05-28 22:45:43 #4 type] 
Type com.objectdb.world.Border is not enhanced.

[2021-05-28 22:45:43 #5 type] 
Type com.objectdb.world.Coordinates is not enhanced.

------------------------------------------------------------------------------------------------------------------------

[2021-05-28 22:46:16 #1 type] 
Type com.objectdb.world.Country is not enhanced.

[2021-05-28 22:46:16 #2 type] 
Type com.objectdb.world.GDP is not enhanced.

[2021-05-28 22:46:16 #3 type] 
Type com.objectdb.world.City is not enhanced.

[2021-05-28 22:46:16 #4 type] 
Type com.objectdb.world.Border is not enhanced.

[2021-05-28 22:46:16 #5 type] 
Type com.objectdb.world.Coordinates is not enhanced.

------------------------------------------------------------------------------------------------------------------------

[2021-05-28 22:47:27 #1 type] 
Type com.objectdb.world.Country is not enhanced.

[2021-05-28 22:47:27 #2 type] 
Type com.objectdb.world.GDP is not enhanced.

[2021-05-28 22:47:27 #3 type] 
Type com.objectdb.world.City is not enhanced.

[2021-05-28 22:47:27 #4 type] 
Type com.objectdb.world.Border is not enhanced.

[2021-05-28 22:47:27 #5 type] 
Type com.objectdb.world.Coordinates is not enhanced.

------------------------------------------------------------------------------------------------------------------------

[2021-05-28 22:50:37 #1 type] 
Type com.objectdb.world.Country is not enhanced.

[2021-05-28 22:50:37 #2 type] 
Type com.objectdb.world.GDP is not enhanced.

[2021-05-28 22:50:37 #3 type] 
Type com.objectdb.world.City is not enhanced.

[2021-05-28 22:50:37 #4 type] 
Type com.objectdb.world.Border is not enhanced.

[2021-05-28 22:50:37 #5 type] 
Type com.objectdb.world.Coordinates is not enhanced.

------------------------------------------------------------------------------------------------------------------------

[2021-05-28 22:52:32 #1 type] 
Type com.objectdb.world.Country is not enhanced.

[2021-05-28 22:52:32 #2 type] 
Type com.objectdb.world.GDP is not enhanced.

[2021-05-28 22:52:32 #3 type] 
Type com.objectdb.world.City is not enhanced.

[2021-05-28 22:52:32 #4 type] 
Type com.objectdb.world.Border is not enhanced.

[2021-05-28 22:52:32 #5 type] 
Type com.objectdb.world.Coordinates is not enhanced.

------------------------------------------------------------------------------------------------------------------------

[2021-05-28 22:52:52 #1 type] 
Type com.objectdb.world.Country is not enhanced.

[2021-05-28 22:52:52 #2 type] 
Type com.objectdb.world.GDP is not enhanced.

[2021-05-28 22:52:52 #3 type] 
Type com.objectdb.world.City is not enhanced.

[2021-05-28 22:52:52 #4 type] 
Type com.objectdb.world.Border is not enhanced.

[2021-05-28 22:52:52 #5 type] 
Type com.objectdb.world.Coordinates is not enhanced.

------------------------------------------------------------------------------------------------------------------------

[2021-05-28 22:53:48 #1 type] 
Type com.objectdb.world.Country is not enhanced.

[2021-05-28 22:53:48 #2 type] 
Type com.objectdb.world.GDP is not enhanced.

[2021-05-28 22:53:48 #3 type] 
Type com.objectdb.world.City is not enhanced.

[2021-05-28 22:53:48 #4 type] 
Type com.objectdb.world.Border is not enhanced.

[2021-05-28 22:53:48 #5 type] 
Type com.objectdb.world.Coordinates is not enhanced.

------------------------------------------------------------------------------------------------------------------------

[2021-05-28 22:55:53 #1 type] 
Type com.objectdb.world.Country is not enhanced.

[2021-05-28 22:55:53 #2 type] 
Type com.objectdb.world.GDP is not enhanced.

[2021-05-28 22:55:54 #3 type] 
Type com.objectdb.world.City is not enhanced.

[2021-05-28 22:55:54 #4 type] 
Type com.objectdb.world.Border is not enhanced.

[2021-05-28 22:55:54 #5 type] 
Type com.objectdb.world.Coordinates is not enhanced.

------------------------------------------------------------------------------------------------------------------------

[2021-05-28 22:56:43 #1 type] 
Type com.objectdb.world.Country is not enhanced.

[2021-05-28 22:56:43 #2 type] 
Type com.objectdb.world.GDP is not enhanced.

[2021-05-28 22:56:43 #3 type] 
Type com.objectdb.world.City is not enhanced.

[2021-05-28 22:56:43 #4 type] 
Type com.objectdb.world.Border is not enhanced.

[2021-05-28 22:56:43 #5 type] 
Type com.objectdb.world.Coordinates is not enhanced.

------------------------------------------------------------------------------------------------------------------------

[2021-05-28 22:57:47 #1 type] 
Type com.objectdb.world.Country is not enhanced.

[2021-05-28 22:57:47 #2 type] 
Type com.objectdb.world.GDP is not enhanced.

[2021-05-28 22:57:47 #3 type] 
Type com.objectdb.world.City is not enhanced.

[2021-05-28 22:57:47 #4 type] 
Type com.objectdb.world.Border is not enhanced.

[2021-05-28 22:57:47 #5 type] 
Type com.objectdb.world.Coordinates is not enhanced.

------------------------------------------------------------------------------------------------------------------------

[2021-05-28 22:59:05 #1 type] 
Type com.objectdb.world.Country is not enhanced.

[2021-05-28 22:59:05 #2 type] 
Type com.objectdb.world.GDP is not enhanced.

[2021-05-28 22:59:05 #3 type] 
Type com.objectdb.world.City is not enhanced.

[2021-05-28 22:59:05 #4 type] 
Type com.objectdb.world.Border is not enhanced.

[2021-05-28 22:59:05 #5 type] 
Type com.objectdb.world.Coordinates is not enhanced.

------------------------------------------------------------------------------------------------------------------------

[2021-05-28 22:59:48 #1 type] 
Type com.objectdb.world.Country is not enhanced.

[2021-05-28 22:59:48 #2 type] 
Type com.objectdb.world.GDP is not enhanced.

[2021-05-28 22:59:49 #3 type] 
Type com.objectdb.world.City is not enhanced.

[2021-05-28 22:59:49 #4 type] 
Type com.objectdb.world.Border is not enhanced.

[2021-05-28 22:59:49 #5 type] 
Type com.objectdb.world.Coordinates is not enhanced.

------------------------------------------------------------------------------------------------------------------------

[2021-05-28 23:00:15 #1 type] 
Type com.objectdb.world.Country is not enhanced.

[2021-05-28 23:00:15 #2 type] 
Type com.objectdb.world.GDP is not enhanced.

[2021-05-28 23:00:15 #3 type] 
Type com.objectdb.world.City is not enhanced.

[2021-05-28 23:00:15 #4 type] 
Type com.objectdb.world.Border is not enhanced.

[2021-05-28 23:00:15 #5 type] 
Type com.objectdb.world.Coordinates is not enhanced.

------------------------------------------------------------------------------------------------------------------------

[2021-05-28 23:00:49 #1 type] 
Type com.objectdb.world.Country is not enhanced.

[2021-05-28 23:00:49 #2 type] 
Type com.objectdb.world.GDP is not enhanced.

[2021-05-28 23:00:49 #3 type] 
Type com.objectdb.world.City is not enhanced.

[2021-05-28 23:00:49 #4 type] 
Type com.objectdb.world.Border is not enhanced.

[2021-05-28 23:00:49 #5 type] 
Type com.objectdb.world.Coordinates is not enhanced.

------------------------------------------------------------------------------------------------------------------------

[2021-05-28 23:01:16 #1 type] 
Type com.objectdb.world.Country is not enhanced.

[2021-05-28 23:01:16 #2 type] 
Type com.objectdb.world.GDP is not enhanced.

[2021-05-28 23:01:16 #3 type] 
Type com.objectdb.world.City is not enhanced.

[2021-05-28 23:01:16 #4 type] 
Type com.objectdb.world.Border is not enhanced.

[2021-05-28 23:01:16 #5 type] 
Type com.objectdb.world.Coordinates is not enhanced.

------------------------------------------------------------------------------------------------------------------------

[2021-05-28 23:02:30 #1 type] 
Type com.objectdb.world.Country is not enhanced.

[2021-05-28 23:02:30 #2 type] 
Type com.objectdb.world.GDP is not enhanced.

[2021-05-28 23:02:30 #3 type] 
Type com.objectdb.world.City is not enhanced.

[2021-05-28 23:02:30 #4 type] 
Type com.objectdb.world.Border is not enhanced.

[2021-05-28 23:02:30 #5 type] 
Type com.objectdb.world.Coordinates is not enhanced.

------------------------------------------------------------------------------------------------------------------------

[2021-05-28 23:03:32 #1 type] 
Type com.objectdb.world.Country is not enhanced.

[2021-05-28 23:03:32 #2 type] 
Type com.objectdb.world.GDP is not enhanced.

[2021-05-28 23:03:32 #3 type] 
Type com.objectdb.world.City is not enhanced.

[2021-05-28 23:03:32 #4 type] 
Type com.objectdb.world.Border is not enhanced.

[2021-05-28 23:03:32 #5 type] 
Type com.objectdb.world.Coordinates is not enhanced.

------------------------------------------------------------------------------------------------------------------------

[2021-05-28 23:03:56 #1 type] 
Type com.objectdb.world.Country is not enhanced.

[2021-05-28 23:03:56 #2 type] 
Type com.objectdb.world.GDP is not enhanced.

[2021-05-28 23:03:56 #3 type] 
Type com.objectdb.world.City is not enhanced.

[2021-05-28 23:03:56 #4 type] 
Type com.objectdb.world.Border is not enhanced.

[2021-05-28 23:03:56 #5 type] 
Type com.objectdb.world.Coordinates is not enhanced.

------------------------------------------------------------------------------------------------------------------------

[2021-05-28 23:10:01 #1 type] 
Type com.objectdb.world.Country is not enhanced.

[2021-05-28 23:10:01 #2 type] 
Type com.objectdb.world.GDP is not enhanced.

[2021-05-28 23:10:01 #3 type] 
Type com.objectdb.world.City is not enhanced.

[2021-05-28 23:10:01 #4 type] 
Type com.objectdb.world.Border is not enhanced.

[2021-05-28 23:10:01 #5 type] 
Type com.objectdb.world.Coordinates is not enhanced.

------------------------------------------------------------------------------------------------------------------------

[2021-05-28 23:11:12 #1 type] 
Type com.objectdb.world.Country is not enhanced.

[2021-05-28 23:11:12 #2 type] 
Type com.objectdb.world.GDP is not enhanced.

[2021-05-28 23:11:12 #3 type] 
Type com.objectdb.world.City is not enhanced.

[2021-05-28 23:11:12 #4 type] 
Type com.objectdb.world.Border is not enhanced.

[2021-05-28 23:11:12 #5 type] 
Type com.objectdb.world.Coordinates is not enhanced.

------------------------------------------------------------------------------------------------------------------------

[2021-05-28 23:39:15 #1 type] 
Type com.objectdb.world.Country is not enhanced.

[2021-05-28 23:39:15 #2 type] 
Type com.objectdb.world.GDP is not enhanced.

[2021-05-28 23:39:15 #3 type] 
Type com.objectdb.world.City is not enhanced.

[2021-05-28 23:39:15 #4 type] 
Type com.objectdb.world.Border is not enhanced.

[2021-05-28 23:39:15 #5 type] 
Type com.objectdb.world.Coordinates is not enhanced.

