------------------------------------------------------------------------------------------------------------------------

[2021-06-15 21:47:53 #1 type] 
Type com.objectdb.world.Country is not enhanced.

[2021-06-15 21:47:53 #2 type] 
Type com.objectdb.world.GDP is not enhanced.

[2021-06-15 21:47:53 #3 type] 
Type com.objectdb.world.City is not enhanced.

[2021-06-15 21:47:53 #4 type] 
Type com.objectdb.world.Border is not enhanced.

[2021-06-15 21:47:53 #5 type] 
Type com.objectdb.world.Coordinates is not enhanced.

------------------------------------------------------------------------------------------------------------------------

[2021-06-15 22:08:02 #1 type] 
Type com.objectdb.world.Country is not enhanced.

[2021-06-15 22:08:02 #2 type] 
Type com.objectdb.world.GDP is not enhanced.

[2021-06-15 22:08:02 #3 type] 
Type com.objectdb.world.City is not enhanced.

[2021-06-15 22:08:02 #4 type] 
Type com.objectdb.world.Border is not enhanced.

[2021-06-15 22:08:02 #5 type] 
Type com.objectdb.world.Coordinates is not enhanced.

------------------------------------------------------------------------------------------------------------------------

[2021-06-15 22:10:58 #1 type] 
Type com.objectdb.world.Country is not enhanced.

[2021-06-15 22:10:58 #2 type] 
Type com.objectdb.world.GDP is not enhanced.

[2021-06-15 22:10:58 #3 type] 
Type com.objectdb.world.City is not enhanced.

[2021-06-15 22:10:58 #4 type] 
Type com.objectdb.world.Border is not enhanced.

[2021-06-15 22:10:58 #5 type] 
Type com.objectdb.world.Coordinates is not enhanced.

------------------------------------------------------------------------------------------------------------------------

[2021-06-15 22:11:06 #1 type] 
Type com.objectdb.world.Country is not enhanced.

[2021-06-15 22:11:06 #2 type] 
Type com.objectdb.world.GDP is not enhanced.

[2021-06-15 22:11:06 #3 type] 
Type com.objectdb.world.City is not enhanced.

[2021-06-15 22:11:06 #4 type] 
Type com.objectdb.world.Border is not enhanced.

[2021-06-15 22:11:06 #5 type] 
Type com.objectdb.world.Coordinates is not enhanced.

------------------------------------------------------------------------------------------------------------------------

[2021-06-15 22:11:13 #1 type] 
Type com.objectdb.world.Country is not enhanced.

[2021-06-15 22:11:13 #2 type] 
Type com.objectdb.world.GDP is not enhanced.

[2021-06-15 22:11:13 #3 type] 
Type com.objectdb.world.City is not enhanced.

[2021-06-15 22:11:13 #4 type] 
Type com.objectdb.world.Border is not enhanced.

[2021-06-15 22:11:13 #5 type] 
Type com.objectdb.world.Coordinates is not enhanced.

------------------------------------------------------------------------------------------------------------------------

[2021-06-15 22:11:29 #1 type] 
Type com.objectdb.world.Country is not enhanced.

[2021-06-15 22:11:29 #2 type] 
Type com.objectdb.world.GDP is not enhanced.

[2021-06-15 22:11:29 #3 type] 
Type com.objectdb.world.City is not enhanced.

[2021-06-15 22:11:29 #4 type] 
Type com.objectdb.world.Border is not enhanced.

[2021-06-15 22:11:29 #5 type] 
Type com.objectdb.world.Coordinates is not enhanced.

------------------------------------------------------------------------------------------------------------------------

[2021-06-15 22:11:33 #1 type] 
Type com.objectdb.world.Country is not enhanced.

[2021-06-15 22:11:33 #2 type] 
Type com.objectdb.world.GDP is not enhanced.

[2021-06-15 22:11:33 #3 type] 
Type com.objectdb.world.City is not enhanced.

[2021-06-15 22:11:33 #4 type] 
Type com.objectdb.world.Border is not enhanced.

[2021-06-15 22:11:33 #5 type] 
Type com.objectdb.world.Coordinates is not enhanced.

------------------------------------------------------------------------------------------------------------------------

[2021-06-15 22:11:40 #1 type] 
Type com.objectdb.world.Country is not enhanced.

[2021-06-15 22:11:40 #2 type] 
Type com.objectdb.world.GDP is not enhanced.

[2021-06-15 22:11:40 #3 type] 
Type com.objectdb.world.City is not enhanced.

[2021-06-15 22:11:40 #4 type] 
Type com.objectdb.world.Border is not enhanced.

[2021-06-15 22:11:40 #5 type] 
Type com.objectdb.world.Coordinates is not enhanced.

------------------------------------------------------------------------------------------------------------------------

[2021-06-15 22:11:48 #1 type] 
Type com.objectdb.world.Country is not enhanced.

[2021-06-15 22:11:48 #2 type] 
Type com.objectdb.world.GDP is not enhanced.

[2021-06-15 22:11:48 #3 type] 
Type com.objectdb.world.City is not enhanced.

[2021-06-15 22:11:48 #4 type] 
Type com.objectdb.world.Border is not enhanced.

[2021-06-15 22:11:48 #5 type] 
Type com.objectdb.world.Coordinates is not enhanced.

------------------------------------------------------------------------------------------------------------------------

[2021-06-15 22:12:01 #1 type] 
Type com.objectdb.world.Country is not enhanced.

[2021-06-15 22:12:01 #2 type] 
Type com.objectdb.world.GDP is not enhanced.

[2021-06-15 22:12:01 #3 type] 
Type com.objectdb.world.City is not enhanced.

[2021-06-15 22:12:01 #4 type] 
Type com.objectdb.world.Border is not enhanced.

[2021-06-15 22:12:01 #5 type] 
Type com.objectdb.world.Coordinates is not enhanced.

------------------------------------------------------------------------------------------------------------------------

[2021-06-15 22:12:12 #1 type] 
Type com.objectdb.world.Country is not enhanced.

[2021-06-15 22:12:12 #2 type] 
Type com.objectdb.world.GDP is not enhanced.

[2021-06-15 22:12:12 #3 type] 
Type com.objectdb.world.City is not enhanced.

[2021-06-15 22:12:12 #4 type] 
Type com.objectdb.world.Border is not enhanced.

[2021-06-15 22:12:12 #5 type] 
Type com.objectdb.world.Coordinates is not enhanced.

------------------------------------------------------------------------------------------------------------------------

[2021-06-15 22:12:21 #1 type] 
Type com.objectdb.world.Country is not enhanced.

[2021-06-15 22:12:21 #2 type] 
Type com.objectdb.world.GDP is not enhanced.

[2021-06-15 22:12:21 #3 type] 
Type com.objectdb.world.City is not enhanced.

[2021-06-15 22:12:21 #4 type] 
Type com.objectdb.world.Border is not enhanced.

[2021-06-15 22:12:21 #5 type] 
Type com.objectdb.world.Coordinates is not enhanced.

------------------------------------------------------------------------------------------------------------------------

[2021-06-15 22:14:19 #1 type] 
Type com.objectdb.world.Country is not enhanced.

[2021-06-15 22:14:19 #2 type] 
Type com.objectdb.world.GDP is not enhanced.

[2021-06-15 22:14:19 #3 type] 
Type com.objectdb.world.City is not enhanced.

[2021-06-15 22:14:19 #4 type] 
Type com.objectdb.world.Border is not enhanced.

[2021-06-15 22:14:19 #5 type] 
Type com.objectdb.world.Coordinates is not enhanced.

------------------------------------------------------------------------------------------------------------------------

[2021-06-15 22:16:10 #1 type] 
Type com.objectdb.world.Country is not enhanced.

[2021-06-15 22:16:10 #2 type] 
Type com.objectdb.world.GDP is not enhanced.

[2021-06-15 22:16:10 #3 type] 
Type com.objectdb.world.City is not enhanced.

[2021-06-15 22:16:10 #4 type] 
Type com.objectdb.world.Border is not enhanced.

[2021-06-15 22:16:10 #5 type] 
Type com.objectdb.world.Coordinates is not enhanced.

------------------------------------------------------------------------------------------------------------------------

[2021-06-15 22:16:56 #1 type] 
Type com.objectdb.world.Country is not enhanced.

[2021-06-15 22:16:56 #2 type] 
Type com.objectdb.world.GDP is not enhanced.

[2021-06-15 22:16:56 #3 type] 
Type com.objectdb.world.City is not enhanced.

[2021-06-15 22:16:56 #4 type] 
Type com.objectdb.world.Border is not enhanced.

[2021-06-15 22:16:56 #5 type] 
Type com.objectdb.world.Coordinates is not enhanced.

------------------------------------------------------------------------------------------------------------------------

[2021-06-15 22:17:19 #1 type] 
Type com.objectdb.world.Country is not enhanced.

[2021-06-15 22:17:19 #2 type] 
Type com.objectdb.world.GDP is not enhanced.

[2021-06-15 22:17:19 #3 type] 
Type com.objectdb.world.City is not enhanced.

[2021-06-15 22:17:19 #4 type] 
Type com.objectdb.world.Border is not enhanced.

[2021-06-15 22:17:19 #5 type] 
Type com.objectdb.world.Coordinates is not enhanced.

------------------------------------------------------------------------------------------------------------------------

[2021-06-15 22:17:39 #1 type] 
Type com.objectdb.world.Country is not enhanced.

[2021-06-15 22:17:39 #2 type] 
Type com.objectdb.world.GDP is not enhanced.

[2021-06-15 22:17:39 #3 type] 
Type com.objectdb.world.City is not enhanced.

[2021-06-15 22:17:39 #4 type] 
Type com.objectdb.world.Border is not enhanced.

[2021-06-15 22:17:39 #5 type] 
Type com.objectdb.world.Coordinates is not enhanced.

------------------------------------------------------------------------------------------------------------------------

[2021-06-15 22:18:50 #1 type] 
Type com.objectdb.world.Country is not enhanced.

[2021-06-15 22:18:50 #2 type] 
Type com.objectdb.world.GDP is not enhanced.

[2021-06-15 22:18:50 #3 type] 
Type com.objectdb.world.City is not enhanced.

[2021-06-15 22:18:50 #4 type] 
Type com.objectdb.world.Border is not enhanced.

[2021-06-15 22:18:50 #5 type] 
Type com.objectdb.world.Coordinates is not enhanced.

------------------------------------------------------------------------------------------------------------------------

[2021-06-15 22:18:53 #1 type] 
Type com.objectdb.world.Country is not enhanced.

[2021-06-15 22:18:53 #2 type] 
Type com.objectdb.world.GDP is not enhanced.

[2021-06-15 22:18:53 #3 type] 
Type com.objectdb.world.City is not enhanced.

[2021-06-15 22:18:53 #4 type] 
Type com.objectdb.world.Border is not enhanced.

[2021-06-15 22:18:53 #5 type] 
Type com.objectdb.world.Coordinates is not enhanced.

------------------------------------------------------------------------------------------------------------------------

[2021-06-15 22:19:50 #1 type] 
Type com.objectdb.world.Country is not enhanced.

[2021-06-15 22:19:50 #2 type] 
Type com.objectdb.world.GDP is not enhanced.

[2021-06-15 22:19:50 #3 type] 
Type com.objectdb.world.City is not enhanced.

[2021-06-15 22:19:50 #4 type] 
Type com.objectdb.world.Border is not enhanced.

[2021-06-15 22:19:50 #5 type] 
Type com.objectdb.world.Coordinates is not enhanced.

------------------------------------------------------------------------------------------------------------------------

[2021-06-15 22:35:44 #1 type] 
Type com.objectdb.world.Country is not enhanced.

[2021-06-15 22:35:44 #2 type] 
Type com.objectdb.world.GDP is not enhanced.

[2021-06-15 22:35:44 #3 type] 
Type com.objectdb.world.City is not enhanced.

[2021-06-15 22:35:44 #4 type] 
Type com.objectdb.world.Border is not enhanced.

[2021-06-15 22:35:44 #5 type] 
Type com.objectdb.world.Coordinates is not enhanced.

------------------------------------------------------------------------------------------------------------------------

[2021-06-15 22:55:28 #1 type] 
Type com.objectdb.world.Country is not enhanced.

[2021-06-15 22:55:28 #2 type] 
Type com.objectdb.world.GDP is not enhanced.

[2021-06-15 22:55:28 #3 type] 
Type com.objectdb.world.City is not enhanced.

[2021-06-15 22:55:28 #4 type] 
Type com.objectdb.world.Border is not enhanced.

[2021-06-15 22:55:28 #5 type] 
Type com.objectdb.world.Coordinates is not enhanced.

------------------------------------------------------------------------------------------------------------------------

[2021-06-15 22:57:08 #1 type] 
Type com.objectdb.world.Country is not enhanced.

[2021-06-15 22:57:08 #2 type] 
Type com.objectdb.world.GDP is not enhanced.

[2021-06-15 22:57:08 #3 type] 
Type com.objectdb.world.City is not enhanced.

[2021-06-15 22:57:08 #4 type] 
Type com.objectdb.world.Border is not enhanced.

[2021-06-15 22:57:08 #5 type] 
Type com.objectdb.world.Coordinates is not enhanced.

------------------------------------------------------------------------------------------------------------------------

[2021-06-15 22:57:18 #1 type] 
Type com.objectdb.world.Country is not enhanced.

[2021-06-15 22:57:18 #2 type] 
Type com.objectdb.world.GDP is not enhanced.

[2021-06-15 22:57:18 #3 type] 
Type com.objectdb.world.City is not enhanced.

[2021-06-15 22:57:18 #4 type] 
Type com.objectdb.world.Border is not enhanced.

[2021-06-15 22:57:18 #5 type] 
Type com.objectdb.world.Coordinates is not enhanced.

------------------------------------------------------------------------------------------------------------------------

[2021-06-15 22:57:44 #1 type] 
Type com.objectdb.world.Country is not enhanced.

[2021-06-15 22:57:44 #2 type] 
Type com.objectdb.world.GDP is not enhanced.

[2021-06-15 22:57:44 #3 type] 
Type com.objectdb.world.City is not enhanced.

[2021-06-15 22:57:44 #4 type] 
Type com.objectdb.world.Border is not enhanced.

[2021-06-15 22:57:44 #5 type] 
Type com.objectdb.world.Coordinates is not enhanced.

------------------------------------------------------------------------------------------------------------------------

[2021-06-15 23:01:40 #1 type] 
Type com.objectdb.world.Country is not enhanced.

[2021-06-15 23:01:40 #2 type] 
Type com.objectdb.world.GDP is not enhanced.

[2021-06-15 23:01:40 #3 type] 
Type com.objectdb.world.City is not enhanced.

[2021-06-15 23:01:40 #4 type] 
Type com.objectdb.world.Border is not enhanced.

[2021-06-15 23:01:40 #5 type] 
Type com.objectdb.world.Coordinates is not enhanced.

------------------------------------------------------------------------------------------------------------------------

[2021-06-15 23:02:16 #1 type] 
Type com.objectdb.world.Country is not enhanced.

[2021-06-15 23:02:16 #2 type] 
Type com.objectdb.world.GDP is not enhanced.

[2021-06-15 23:02:16 #3 type] 
Type com.objectdb.world.City is not enhanced.

[2021-06-15 23:02:16 #4 type] 
Type com.objectdb.world.Border is not enhanced.

[2021-06-15 23:02:16 #5 type] 
Type com.objectdb.world.Coordinates is not enhanced.

------------------------------------------------------------------------------------------------------------------------

[2021-06-15 23:04:52 #1 type] 
Type com.objectdb.world.Country is not enhanced.

[2021-06-15 23:04:52 #2 type] 
Type com.objectdb.world.GDP is not enhanced.

[2021-06-15 23:04:52 #3 type] 
Type com.objectdb.world.City is not enhanced.

[2021-06-15 23:04:52 #4 type] 
Type com.objectdb.world.Border is not enhanced.

[2021-06-15 23:04:52 #5 type] 
Type com.objectdb.world.Coordinates is not enhanced.

------------------------------------------------------------------------------------------------------------------------

[2021-06-15 23:10:07 #1 type] 
Type com.objectdb.world.Country is not enhanced.

[2021-06-15 23:10:07 #2 type] 
Type com.objectdb.world.GDP is not enhanced.

[2021-06-15 23:10:07 #3 type] 
Type com.objectdb.world.City is not enhanced.

[2021-06-15 23:10:07 #4 type] 
Type com.objectdb.world.Border is not enhanced.

[2021-06-15 23:10:07 #5 type] 
Type com.objectdb.world.Coordinates is not enhanced.

------------------------------------------------------------------------------------------------------------------------

[2021-06-15 23:10:25 #1 type] 
Type com.objectdb.world.Country is not enhanced.

[2021-06-15 23:10:25 #2 type] 
Type com.objectdb.world.GDP is not enhanced.

[2021-06-15 23:10:25 #3 type] 
Type com.objectdb.world.City is not enhanced.

[2021-06-15 23:10:25 #4 type] 
Type com.objectdb.world.Border is not enhanced.

[2021-06-15 23:10:25 #5 type] 
Type com.objectdb.world.Coordinates is not enhanced.

------------------------------------------------------------------------------------------------------------------------

[2021-06-15 23:12:38 #1 type] 
Type com.objectdb.world.Country is not enhanced.

[2021-06-15 23:12:38 #2 type] 
Type com.objectdb.world.GDP is not enhanced.

[2021-06-15 23:12:38 #3 type] 
Type com.objectdb.world.City is not enhanced.

[2021-06-15 23:12:38 #4 type] 
Type com.objectdb.world.Border is not enhanced.

[2021-06-15 23:12:38 #5 type] 
Type com.objectdb.world.Coordinates is not enhanced.

------------------------------------------------------------------------------------------------------------------------

[2021-06-15 23:15:31 #1 type] 
Type com.objectdb.world.Country is not enhanced.

[2021-06-15 23:15:31 #2 type] 
Type com.objectdb.world.GDP is not enhanced.

[2021-06-15 23:15:31 #3 type] 
Type com.objectdb.world.City is not enhanced.

[2021-06-15 23:15:31 #4 type] 
Type com.objectdb.world.Border is not enhanced.

[2021-06-15 23:15:31 #5 type] 
Type com.objectdb.world.Coordinates is not enhanced.

------------------------------------------------------------------------------------------------------------------------

[2021-06-15 23:17:37 #1 type] 
Type com.objectdb.world.Country is not enhanced.

[2021-06-15 23:17:37 #2 type] 
Type com.objectdb.world.GDP is not enhanced.

[2021-06-15 23:17:37 #3 type] 
Type com.objectdb.world.City is not enhanced.

[2021-06-15 23:17:37 #4 type] 
Type com.objectdb.world.Border is not enhanced.

[2021-06-15 23:17:37 #5 type] 
Type com.objectdb.world.Coordinates is not enhanced.

------------------------------------------------------------------------------------------------------------------------

[2021-06-15 23:18:00 #1 type] 
Type com.objectdb.world.Country is not enhanced.

[2021-06-15 23:18:00 #2 type] 
Type com.objectdb.world.GDP is not enhanced.

[2021-06-15 23:18:00 #3 type] 
Type com.objectdb.world.City is not enhanced.

[2021-06-15 23:18:00 #4 type] 
Type com.objectdb.world.Border is not enhanced.

[2021-06-15 23:18:00 #5 type] 
Type com.objectdb.world.Coordinates is not enhanced.

------------------------------------------------------------------------------------------------------------------------

[2021-06-15 23:18:11 #1 type] 
Type com.objectdb.world.Country is not enhanced.

[2021-06-15 23:18:11 #2 type] 
Type com.objectdb.world.GDP is not enhanced.

[2021-06-15 23:18:11 #3 type] 
Type com.objectdb.world.City is not enhanced.

[2021-06-15 23:18:11 #4 type] 
Type com.objectdb.world.Border is not enhanced.

[2021-06-15 23:18:11 #5 type] 
Type com.objectdb.world.Coordinates is not enhanced.

------------------------------------------------------------------------------------------------------------------------

[2021-06-15 23:18:17 #1 type] 
Type com.objectdb.world.Country is not enhanced.

[2021-06-15 23:18:17 #2 type] 
Type com.objectdb.world.GDP is not enhanced.

[2021-06-15 23:18:17 #3 type] 
Type com.objectdb.world.City is not enhanced.

[2021-06-15 23:18:17 #4 type] 
Type com.objectdb.world.Border is not enhanced.

[2021-06-15 23:18:17 #5 type] 
Type com.objectdb.world.Coordinates is not enhanced.

------------------------------------------------------------------------------------------------------------------------

[2021-06-15 23:18:33 #1 type] 
Type com.objectdb.world.Country is not enhanced.

[2021-06-15 23:18:33 #2 type] 
Type com.objectdb.world.GDP is not enhanced.

[2021-06-15 23:18:33 #3 type] 
Type com.objectdb.world.City is not enhanced.

[2021-06-15 23:18:33 #4 type] 
Type com.objectdb.world.Border is not enhanced.

[2021-06-15 23:18:33 #5 type] 
Type com.objectdb.world.Coordinates is not enhanced.

------------------------------------------------------------------------------------------------------------------------

[2021-06-15 23:18:49 #1 type] 
Type com.objectdb.world.Country is not enhanced.

[2021-06-15 23:18:49 #2 type] 
Type com.objectdb.world.GDP is not enhanced.

[2021-06-15 23:18:49 #3 type] 
Type com.objectdb.world.City is not enhanced.

[2021-06-15 23:18:49 #4 type] 
Type com.objectdb.world.Border is not enhanced.

[2021-06-15 23:18:49 #5 type] 
Type com.objectdb.world.Coordinates is not enhanced.

------------------------------------------------------------------------------------------------------------------------

[2021-06-15 23:23:57 #1 type] 
Type com.objectdb.world.Country is not enhanced.

[2021-06-15 23:23:57 #2 type] 
Type com.objectdb.world.GDP is not enhanced.

[2021-06-15 23:23:57 #3 type] 
Type com.objectdb.world.City is not enhanced.

[2021-06-15 23:23:57 #4 type] 
Type com.objectdb.world.Border is not enhanced.

[2021-06-15 23:23:57 #5 type] 
Type com.objectdb.world.Coordinates is not enhanced.

------------------------------------------------------------------------------------------------------------------------

[2021-06-15 23:24:15 #1 type] 
Type com.objectdb.world.Country is not enhanced.

[2021-06-15 23:24:15 #2 type] 
Type com.objectdb.world.GDP is not enhanced.

[2021-06-15 23:24:15 #3 type] 
Type com.objectdb.world.City is not enhanced.

[2021-06-15 23:24:15 #4 type] 
Type com.objectdb.world.Border is not enhanced.

[2021-06-15 23:24:15 #5 type] 
Type com.objectdb.world.Coordinates is not enhanced.

------------------------------------------------------------------------------------------------------------------------

[2021-06-15 23:24:31 #1 type] 
Type com.objectdb.world.Country is not enhanced.

[2021-06-15 23:24:31 #2 type] 
Type com.objectdb.world.GDP is not enhanced.

[2021-06-15 23:24:31 #3 type] 
Type com.objectdb.world.City is not enhanced.

[2021-06-15 23:24:31 #4 type] 
Type com.objectdb.world.Border is not enhanced.

[2021-06-15 23:24:31 #5 type] 
Type com.objectdb.world.Coordinates is not enhanced.

------------------------------------------------------------------------------------------------------------------------

[2021-06-15 23:24:45 #1 type] 
Type com.objectdb.world.Country is not enhanced.

[2021-06-15 23:24:45 #2 type] 
Type com.objectdb.world.GDP is not enhanced.

[2021-06-15 23:24:45 #3 type] 
Type com.objectdb.world.City is not enhanced.

[2021-06-15 23:24:45 #4 type] 
Type com.objectdb.world.Border is not enhanced.

[2021-06-15 23:24:45 #5 type] 
Type com.objectdb.world.Coordinates is not enhanced.

------------------------------------------------------------------------------------------------------------------------

[2021-06-15 23:24:57 #1 type] 
Type com.objectdb.world.Country is not enhanced.

[2021-06-15 23:24:57 #2 type] 
Type com.objectdb.world.GDP is not enhanced.

[2021-06-15 23:24:57 #3 type] 
Type com.objectdb.world.City is not enhanced.

[2021-06-15 23:24:57 #4 type] 
Type com.objectdb.world.Border is not enhanced.

[2021-06-15 23:24:57 #5 type] 
Type com.objectdb.world.Coordinates is not enhanced.

------------------------------------------------------------------------------------------------------------------------

[2021-06-15 23:27:55 #1 type] 
Type com.objectdb.world.Country is not enhanced.

[2021-06-15 23:27:55 #2 type] 
Type com.objectdb.world.GDP is not enhanced.

[2021-06-15 23:27:55 #3 type] 
Type com.objectdb.world.City is not enhanced.

[2021-06-15 23:27:55 #4 type] 
Type com.objectdb.world.Border is not enhanced.

[2021-06-15 23:27:55 #5 type] 
Type com.objectdb.world.Coordinates is not enhanced.

------------------------------------------------------------------------------------------------------------------------

[2021-06-15 23:28:15 #1 type] 
Type com.objectdb.world.Country is not enhanced.

[2021-06-15 23:28:15 #2 type] 
Type com.objectdb.world.GDP is not enhanced.

[2021-06-15 23:28:15 #3 type] 
Type com.objectdb.world.City is not enhanced.

[2021-06-15 23:28:15 #4 type] 
Type com.objectdb.world.Border is not enhanced.

[2021-06-15 23:28:15 #5 type] 
Type com.objectdb.world.Coordinates is not enhanced.

------------------------------------------------------------------------------------------------------------------------

[2021-06-15 23:28:30 #1 type] 
Type com.objectdb.world.Country is not enhanced.

[2021-06-15 23:28:30 #2 type] 
Type com.objectdb.world.GDP is not enhanced.

[2021-06-15 23:28:30 #3 type] 
Type com.objectdb.world.City is not enhanced.

[2021-06-15 23:28:30 #4 type] 
Type com.objectdb.world.Border is not enhanced.

[2021-06-15 23:28:30 #5 type] 
Type com.objectdb.world.Coordinates is not enhanced.

------------------------------------------------------------------------------------------------------------------------

[2021-06-15 23:28:46 #1 type] 
Type com.objectdb.world.Country is not enhanced.

[2021-06-15 23:28:46 #2 type] 
Type com.objectdb.world.GDP is not enhanced.

[2021-06-15 23:28:46 #3 type] 
Type com.objectdb.world.City is not enhanced.

[2021-06-15 23:28:46 #4 type] 
Type com.objectdb.world.Border is not enhanced.

[2021-06-15 23:28:46 #5 type] 
Type com.objectdb.world.Coordinates is not enhanced.

------------------------------------------------------------------------------------------------------------------------

[2021-06-15 23:29:01 #1 type] 
Type com.objectdb.world.Country is not enhanced.

[2021-06-15 23:29:01 #2 type] 
Type com.objectdb.world.GDP is not enhanced.

[2021-06-15 23:29:01 #3 type] 
Type com.objectdb.world.City is not enhanced.

[2021-06-15 23:29:01 #4 type] 
Type com.objectdb.world.Border is not enhanced.

[2021-06-15 23:29:01 #5 type] 
Type com.objectdb.world.Coordinates is not enhanced.

