------------------------------------------------------------------------------------------------------------------------

[2021-05-14 18:24:54 #1 type] 
Type com.objectdb.world.Country is not enhanced.

[2021-05-14 18:24:54 #2 type] 
Type com.objectdb.world.GDP is not enhanced.

[2021-05-14 18:24:54 #3 type] 
Type com.objectdb.world.City is not enhanced.

[2021-05-14 18:24:54 #4 type] 
Type com.objectdb.world.Border is not enhanced.

[2021-05-14 18:24:54 #5 type] 
Type com.objectdb.world.Coordinates is not enhanced.

[2021-05-14 18:24:54 #6 type] 
Type Person is not enhanced.

------------------------------------------------------------------------------------------------------------------------

[2021-05-14 18:26:38 #1 type] 
Type com.objectdb.world.Country is not enhanced.

[2021-05-14 18:26:38 #2 type] 
Type com.objectdb.world.GDP is not enhanced.

[2021-05-14 18:26:38 #3 type] 
Type com.objectdb.world.City is not enhanced.

[2021-05-14 18:26:38 #4 type] 
Type com.objectdb.world.Border is not enhanced.

[2021-05-14 18:26:38 #5 type] 
Type com.objectdb.world.Coordinates is not enhanced.

[2021-05-14 18:26:38 #6 type] 
Type Person is not enhanced.

------------------------------------------------------------------------------------------------------------------------

[2021-05-14 18:27:00 #1 type] 
Type com.objectdb.world.Country is not enhanced.

[2021-05-14 18:27:00 #2 type] 
Type com.objectdb.world.GDP is not enhanced.

[2021-05-14 18:27:00 #3 type] 
Type com.objectdb.world.City is not enhanced.

[2021-05-14 18:27:00 #4 type] 
Type com.objectdb.world.Border is not enhanced.

[2021-05-14 18:27:00 #5 type] 
Type com.objectdb.world.Coordinates is not enhanced.

[2021-05-14 18:27:00 #6 type] 
Type Person is not enhanced.

------------------------------------------------------------------------------------------------------------------------

[2021-05-14 18:30:36 #1 type] 
Type com.objectdb.world.Country is not enhanced.

[2021-05-14 18:30:36 #2 type] 
Type com.objectdb.world.GDP is not enhanced.

[2021-05-14 18:30:36 #3 type] 
Type com.objectdb.world.City is not enhanced.

[2021-05-14 18:30:36 #4 type] 
Type com.objectdb.world.Border is not enhanced.

[2021-05-14 18:30:36 #5 type] 
Type com.objectdb.world.Coordinates is not enhanced.

[2021-05-14 18:30:36 #6 type] 
Type Person is not enhanced.

------------------------------------------------------------------------------------------------------------------------

[2021-05-14 18:34:17 #1 tools.enhancer] 
com.objectdb.o.UserException: Type test.X is not found by the enhancer
	at com.objectdb.o.MSG.a(MSG.java:64)
	at com.objectdb.o.JEL.m(JEL.java:411)
	at com.objectdb.o.JEN.g(JEN.java:101)
	at com.objectdb.Enhancer.enhance(Enhancer.java:69)
	at com.objectdb.Enhancer.enhance(Enhancer.java:90)
	at Main.main(Main.java:10)

[2021-05-14 18:34:18 #2 type] 
Type com.objectdb.world.Country is not enhanced.

[2021-05-14 18:34:18 #3 type] 
Type com.objectdb.world.GDP is not enhanced.

[2021-05-14 18:34:18 #4 type] 
Type com.objectdb.world.City is not enhanced.

[2021-05-14 18:34:18 #5 type] 
Type com.objectdb.world.Border is not enhanced.

[2021-05-14 18:34:18 #6 type] 
Type com.objectdb.world.Coordinates is not enhanced.

[2021-05-14 18:34:18 #7 type] 
Type Person is not enhanced.

------------------------------------------------------------------------------------------------------------------------

[2021-05-14 18:36:24 #1 tools.enhancer] 
com.objectdb.o.UserException: Type test.X is not found by the enhancer
	at com.objectdb.o.MSG.a(MSG.java:64)
	at com.objectdb.o.JEL.m(JEL.java:411)
	at com.objectdb.o.JEN.g(JEN.java:101)
	at com.objectdb.Enhancer.enhance(Enhancer.java:69)
	at com.objectdb.Enhancer.enhance(Enhancer.java:90)
	at Main.main(Main.java:10)

[2021-05-14 18:36:25 #2 type] 
Type com.objectdb.world.Country is not enhanced.

[2021-05-14 18:36:25 #3 type] 
Type com.objectdb.world.GDP is not enhanced.

[2021-05-14 18:36:25 #4 type] 
Type com.objectdb.world.City is not enhanced.

[2021-05-14 18:36:25 #5 type] 
Type com.objectdb.world.Border is not enhanced.

[2021-05-14 18:36:25 #6 type] 
Type com.objectdb.world.Coordinates is not enhanced.

[2021-05-14 18:36:25 #7 type] 
Type Person is not enhanced.

------------------------------------------------------------------------------------------------------------------------

[2021-05-14 18:36:31 #1 type] 
Type com.objectdb.world.Country is not enhanced.

[2021-05-14 18:36:31 #2 type] 
Type com.objectdb.world.GDP is not enhanced.

[2021-05-14 18:36:31 #3 type] 
Type com.objectdb.world.City is not enhanced.

[2021-05-14 18:36:31 #4 type] 
Type com.objectdb.world.Border is not enhanced.

[2021-05-14 18:36:31 #5 type] 
Type com.objectdb.world.Coordinates is not enhanced.

[2021-05-14 18:36:31 #6 type] 
Type Person is not enhanced.

------------------------------------------------------------------------------------------------------------------------

[2021-05-14 18:40:00 #1 type] 
Type com.objectdb.world.Country is not enhanced.

[2021-05-14 18:40:00 #2 type] 
Type com.objectdb.world.GDP is not enhanced.

[2021-05-14 18:40:00 #3 type] 
Type com.objectdb.world.City is not enhanced.

[2021-05-14 18:40:00 #4 type] 
Type com.objectdb.world.Border is not enhanced.

[2021-05-14 18:40:00 #5 type] 
Type com.objectdb.world.Coordinates is not enhanced.

[2021-05-14 18:40:00 #6 type] 
Type Person is not enhanced.

------------------------------------------------------------------------------------------------------------------------

[2021-05-14 18:49:07 #1 type] 
Type com.objectdb.world.Country is not enhanced.

[2021-05-14 18:49:07 #2 type] 
Type com.objectdb.world.GDP is not enhanced.

[2021-05-14 18:49:07 #3 type] 
Type com.objectdb.world.City is not enhanced.

[2021-05-14 18:49:07 #4 type] 
Type com.objectdb.world.Border is not enhanced.

[2021-05-14 18:49:07 #5 type] 
Type com.objectdb.world.Coordinates is not enhanced.

[2021-05-14 18:49:07 #6 type] 
Type Person is not enhanced.

------------------------------------------------------------------------------------------------------------------------

[2021-05-14 18:52:11 #1 type] 
Type com.objectdb.world.Country is not enhanced.

[2021-05-14 18:52:11 #2 type] 
Type com.objectdb.world.GDP is not enhanced.

[2021-05-14 18:52:11 #3 type] 
Type com.objectdb.world.City is not enhanced.

[2021-05-14 18:52:11 #4 type] 
Type com.objectdb.world.Border is not enhanced.

[2021-05-14 18:52:11 #5 type] 
Type com.objectdb.world.Coordinates is not enhanced.

[2021-05-14 18:52:11 #6 type] 
Type Person is not enhanced.

------------------------------------------------------------------------------------------------------------------------

[2021-05-14 18:52:28 #1 type] 
Type com.objectdb.world.Country is not enhanced.

[2021-05-14 18:52:28 #2 type] 
Type com.objectdb.world.GDP is not enhanced.

[2021-05-14 18:52:28 #3 type] 
Type com.objectdb.world.City is not enhanced.

[2021-05-14 18:52:28 #4 type] 
Type com.objectdb.world.Border is not enhanced.

[2021-05-14 18:52:28 #5 type] 
Type com.objectdb.world.Coordinates is not enhanced.

[2021-05-14 18:52:28 #6 type] 
Type Person is not enhanced.

------------------------------------------------------------------------------------------------------------------------

[2021-05-14 18:55:19 #1 type] 
Type com.objectdb.world.Country is not enhanced.

[2021-05-14 18:55:19 #2 type] 
Type com.objectdb.world.GDP is not enhanced.

[2021-05-14 18:55:20 #3 type] 
Type com.objectdb.world.City is not enhanced.

[2021-05-14 18:55:20 #4 type] 
Type com.objectdb.world.Border is not enhanced.

[2021-05-14 18:55:20 #5 type] 
Type com.objectdb.world.Coordinates is not enhanced.

[2021-05-14 18:55:20 #6 type] 
Type Person is not enhanced.

------------------------------------------------------------------------------------------------------------------------

[2021-05-14 18:55:33 #1 type] 
Type com.objectdb.world.Country is not enhanced.

[2021-05-14 18:55:33 #2 type] 
Type com.objectdb.world.GDP is not enhanced.

[2021-05-14 18:55:33 #3 type] 
Type com.objectdb.world.City is not enhanced.

[2021-05-14 18:55:33 #4 type] 
Type com.objectdb.world.Border is not enhanced.

[2021-05-14 18:55:33 #5 type] 
Type com.objectdb.world.Coordinates is not enhanced.

[2021-05-14 18:55:33 #6 type] 
Type Person is not enhanced.

------------------------------------------------------------------------------------------------------------------------

[2021-05-14 18:56:17 #1 type] 
Type com.objectdb.world.Country is not enhanced.

[2021-05-14 18:56:17 #2 type] 
Type com.objectdb.world.GDP is not enhanced.

[2021-05-14 18:56:17 #3 type] 
Type com.objectdb.world.City is not enhanced.

[2021-05-14 18:56:17 #4 type] 
Type com.objectdb.world.Border is not enhanced.

[2021-05-14 18:56:17 #5 type] 
Type com.objectdb.world.Coordinates is not enhanced.

[2021-05-14 18:56:17 #6 type] 
Type Person is not enhanced.

------------------------------------------------------------------------------------------------------------------------

[2021-05-14 19:00:44 #1 type] 
Type com.objectdb.world.Country is not enhanced.

[2021-05-14 19:00:44 #2 type] 
Type com.objectdb.world.GDP is not enhanced.

[2021-05-14 19:00:44 #3 type] 
Type com.objectdb.world.City is not enhanced.

[2021-05-14 19:00:44 #4 type] 
Type com.objectdb.world.Border is not enhanced.

[2021-05-14 19:00:44 #5 type] 
Type com.objectdb.world.Coordinates is not enhanced.

[2021-05-14 19:00:44 #6 type] 
Type Person is not enhanced.

------------------------------------------------------------------------------------------------------------------------

[2021-05-14 19:00:58 #1 type] 
Type com.objectdb.world.Country is not enhanced.

[2021-05-14 19:00:58 #2 type] 
Type com.objectdb.world.GDP is not enhanced.

[2021-05-14 19:00:58 #3 type] 
Type com.objectdb.world.City is not enhanced.

[2021-05-14 19:00:58 #4 type] 
Type com.objectdb.world.Border is not enhanced.

[2021-05-14 19:00:58 #5 type] 
Type com.objectdb.world.Coordinates is not enhanced.

[2021-05-14 19:00:58 #6 type] 
Type Person is not enhanced.

------------------------------------------------------------------------------------------------------------------------

[2021-05-14 19:01:01 #1 type] 
Type com.objectdb.world.Country is not enhanced.

[2021-05-14 19:01:01 #2 type] 
Type com.objectdb.world.GDP is not enhanced.

[2021-05-14 19:01:01 #3 type] 
Type com.objectdb.world.City is not enhanced.

[2021-05-14 19:01:01 #4 type] 
Type com.objectdb.world.Border is not enhanced.

[2021-05-14 19:01:01 #5 type] 
Type com.objectdb.world.Coordinates is not enhanced.

[2021-05-14 19:01:01 #6 type] 
Type Person is not enhanced.

------------------------------------------------------------------------------------------------------------------------

[2021-05-14 19:01:11 #1 type] 
Type com.objectdb.world.Country is not enhanced.

[2021-05-14 19:01:11 #2 type] 
Type com.objectdb.world.GDP is not enhanced.

[2021-05-14 19:01:11 #3 type] 
Type com.objectdb.world.City is not enhanced.

[2021-05-14 19:01:11 #4 type] 
Type com.objectdb.world.Border is not enhanced.

[2021-05-14 19:01:11 #5 type] 
Type com.objectdb.world.Coordinates is not enhanced.

[2021-05-14 19:01:11 #6 type] 
Type Person is not enhanced.

------------------------------------------------------------------------------------------------------------------------

[2021-05-14 19:01:27 #1 type] 
Type com.objectdb.world.Country is not enhanced.

[2021-05-14 19:01:27 #2 type] 
Type com.objectdb.world.GDP is not enhanced.

[2021-05-14 19:01:27 #3 type] 
Type com.objectdb.world.City is not enhanced.

[2021-05-14 19:01:27 #4 type] 
Type com.objectdb.world.Border is not enhanced.

[2021-05-14 19:01:27 #5 type] 
Type com.objectdb.world.Coordinates is not enhanced.

[2021-05-14 19:01:27 #6 type] 
Type Person is not enhanced.

------------------------------------------------------------------------------------------------------------------------

[2021-05-14 19:01:34 #1 type] 
Type com.objectdb.world.Country is not enhanced.

[2021-05-14 19:01:34 #2 type] 
Type com.objectdb.world.GDP is not enhanced.

[2021-05-14 19:01:34 #3 type] 
Type com.objectdb.world.City is not enhanced.

[2021-05-14 19:01:34 #4 type] 
Type com.objectdb.world.Border is not enhanced.

[2021-05-14 19:01:34 #5 type] 
Type com.objectdb.world.Coordinates is not enhanced.

[2021-05-14 19:01:34 #6 type] 
Type Person is not enhanced.

------------------------------------------------------------------------------------------------------------------------

[2021-05-14 19:04:11 #1 type] 
Type com.objectdb.world.Country is not enhanced.

[2021-05-14 19:04:11 #2 type] 
Type com.objectdb.world.GDP is not enhanced.

[2021-05-14 19:04:11 #3 type] 
Type com.objectdb.world.City is not enhanced.

[2021-05-14 19:04:11 #4 type] 
Type com.objectdb.world.Border is not enhanced.

[2021-05-14 19:04:11 #5 type] 
Type com.objectdb.world.Coordinates is not enhanced.

[2021-05-14 19:04:11 #6 type] 
Type Person is not enhanced.

------------------------------------------------------------------------------------------------------------------------

[2021-05-14 19:04:25 #1 type] 
Type com.objectdb.world.Country is not enhanced.

[2021-05-14 19:04:25 #2 type] 
Type com.objectdb.world.GDP is not enhanced.

[2021-05-14 19:04:25 #3 type] 
Type com.objectdb.world.City is not enhanced.

[2021-05-14 19:04:25 #4 type] 
Type com.objectdb.world.Border is not enhanced.

[2021-05-14 19:04:25 #5 type] 
Type com.objectdb.world.Coordinates is not enhanced.

[2021-05-14 19:04:25 #6 type] 
Type Person is not enhanced.

------------------------------------------------------------------------------------------------------------------------

[2021-05-14 19:04:27 #1 type] 
Type com.objectdb.world.Country is not enhanced.

[2021-05-14 19:04:27 #2 type] 
Type com.objectdb.world.GDP is not enhanced.

[2021-05-14 19:04:27 #3 type] 
Type com.objectdb.world.City is not enhanced.

[2021-05-14 19:04:27 #4 type] 
Type com.objectdb.world.Border is not enhanced.

[2021-05-14 19:04:27 #5 type] 
Type com.objectdb.world.Coordinates is not enhanced.

[2021-05-14 19:04:27 #6 type] 
Type Person is not enhanced.

------------------------------------------------------------------------------------------------------------------------

[2021-05-14 19:04:29 #1 type] 
Type com.objectdb.world.Country is not enhanced.

[2021-05-14 19:04:29 #2 type] 
Type com.objectdb.world.GDP is not enhanced.

[2021-05-14 19:04:29 #3 type] 
Type com.objectdb.world.City is not enhanced.

[2021-05-14 19:04:29 #4 type] 
Type com.objectdb.world.Border is not enhanced.

[2021-05-14 19:04:29 #5 type] 
Type com.objectdb.world.Coordinates is not enhanced.

[2021-05-14 19:04:29 #6 type] 
Type Person is not enhanced.

------------------------------------------------------------------------------------------------------------------------

[2021-05-14 19:06:01 #1 type] 
Type com.objectdb.world.Country is not enhanced.

[2021-05-14 19:06:01 #2 type] 
Type com.objectdb.world.GDP is not enhanced.

[2021-05-14 19:06:01 #3 type] 
Type com.objectdb.world.City is not enhanced.

[2021-05-14 19:06:01 #4 type] 
Type com.objectdb.world.Border is not enhanced.

[2021-05-14 19:06:01 #5 type] 
Type com.objectdb.world.Coordinates is not enhanced.

[2021-05-14 19:06:01 #6 type] 
Type Person is not enhanced.

------------------------------------------------------------------------------------------------------------------------

[2021-05-14 19:07:38 #1 type] 
Type com.objectdb.world.Country is not enhanced.

[2021-05-14 19:07:38 #2 type] 
Type com.objectdb.world.GDP is not enhanced.

[2021-05-14 19:07:38 #3 type] 
Type com.objectdb.world.City is not enhanced.

[2021-05-14 19:07:38 #4 type] 
Type com.objectdb.world.Border is not enhanced.

[2021-05-14 19:07:38 #5 type] 
Type com.objectdb.world.Coordinates is not enhanced.

[2021-05-14 19:07:38 #6 type] 
Type Person is not enhanced.

------------------------------------------------------------------------------------------------------------------------

[2021-05-14 19:12:16 #1 type] 
Type com.objectdb.world.Country is not enhanced.

[2021-05-14 19:12:16 #2 type] 
Type com.objectdb.world.GDP is not enhanced.

[2021-05-14 19:12:16 #3 type] 
Type com.objectdb.world.City is not enhanced.

[2021-05-14 19:12:16 #4 type] 
Type com.objectdb.world.Border is not enhanced.

[2021-05-14 19:12:16 #5 type] 
Type com.objectdb.world.Coordinates is not enhanced.

[2021-05-14 19:12:16 #6 type] 
Type Person is not enhanced.

------------------------------------------------------------------------------------------------------------------------

[2021-05-14 19:13:15 #1 type] 
Type com.objectdb.world.Country is not enhanced.

[2021-05-14 19:13:15 #2 type] 
Type com.objectdb.world.GDP is not enhanced.

[2021-05-14 19:13:15 #3 type] 
Type com.objectdb.world.City is not enhanced.

[2021-05-14 19:13:15 #4 type] 
Type com.objectdb.world.Border is not enhanced.

[2021-05-14 19:13:15 #5 type] 
Type com.objectdb.world.Coordinates is not enhanced.

[2021-05-14 19:13:15 #6 type] 
Type Person is not enhanced.

------------------------------------------------------------------------------------------------------------------------

[2021-05-14 19:17:40 #1 type] 
Type com.objectdb.world.Country is not enhanced.

[2021-05-14 19:17:40 #2 type] 
Type com.objectdb.world.GDP is not enhanced.

[2021-05-14 19:17:40 #3 type] 
Type com.objectdb.world.City is not enhanced.

[2021-05-14 19:17:40 #4 type] 
Type com.objectdb.world.Border is not enhanced.

[2021-05-14 19:17:40 #5 type] 
Type com.objectdb.world.Coordinates is not enhanced.

[2021-05-14 19:17:40 #6 type] 
Type Person is not enhanced.

------------------------------------------------------------------------------------------------------------------------

[2021-05-14 19:17:48 #1 type] 
Type com.objectdb.world.Country is not enhanced.

[2021-05-14 19:17:48 #2 type] 
Type com.objectdb.world.GDP is not enhanced.

[2021-05-14 19:17:48 #3 type] 
Type com.objectdb.world.City is not enhanced.

[2021-05-14 19:17:48 #4 type] 
Type com.objectdb.world.Border is not enhanced.

[2021-05-14 19:17:48 #5 type] 
Type com.objectdb.world.Coordinates is not enhanced.

[2021-05-14 19:17:48 #6 type] 
Type Person is not enhanced.

------------------------------------------------------------------------------------------------------------------------

[2021-05-14 19:19:49 #1 type] 
Type com.objectdb.world.Country is not enhanced.

[2021-05-14 19:19:49 #2 type] 
Type com.objectdb.world.GDP is not enhanced.

[2021-05-14 19:19:49 #3 type] 
Type com.objectdb.world.City is not enhanced.

[2021-05-14 19:19:49 #4 type] 
Type com.objectdb.world.Border is not enhanced.

[2021-05-14 19:19:49 #5 type] 
Type com.objectdb.world.Coordinates is not enhanced.

[2021-05-14 19:19:49 #6 type] 
Type Person is not enhanced.

------------------------------------------------------------------------------------------------------------------------

[2021-05-14 19:20:39 #1 type] 
Type com.objectdb.world.Country is not enhanced.

[2021-05-14 19:20:39 #2 type] 
Type com.objectdb.world.GDP is not enhanced.

[2021-05-14 19:20:39 #3 type] 
Type com.objectdb.world.City is not enhanced.

[2021-05-14 19:20:39 #4 type] 
Type com.objectdb.world.Border is not enhanced.

[2021-05-14 19:20:39 #5 type] 
Type com.objectdb.world.Coordinates is not enhanced.

[2021-05-14 19:20:39 #6 type] 
Type Person is not enhanced.

------------------------------------------------------------------------------------------------------------------------

[2021-05-14 19:20:51 #1 type] 
Type com.objectdb.world.Country is not enhanced.

[2021-05-14 19:20:51 #2 type] 
Type com.objectdb.world.GDP is not enhanced.

[2021-05-14 19:20:51 #3 type] 
Type com.objectdb.world.City is not enhanced.

[2021-05-14 19:20:51 #4 type] 
Type com.objectdb.world.Border is not enhanced.

[2021-05-14 19:20:51 #5 type] 
Type com.objectdb.world.Coordinates is not enhanced.

[2021-05-14 19:20:51 #6 type] 
Type Person is not enhanced.

------------------------------------------------------------------------------------------------------------------------

[2021-05-14 19:21:16 #1 type] 
Type com.objectdb.world.Country is not enhanced.

[2021-05-14 19:21:16 #2 type] 
Type com.objectdb.world.GDP is not enhanced.

[2021-05-14 19:21:16 #3 type] 
Type com.objectdb.world.City is not enhanced.

[2021-05-14 19:21:16 #4 type] 
Type com.objectdb.world.Border is not enhanced.

[2021-05-14 19:21:16 #5 type] 
Type com.objectdb.world.Coordinates is not enhanced.

[2021-05-14 19:21:16 #6 type] 
Type Person is not enhanced.

------------------------------------------------------------------------------------------------------------------------

[2021-05-14 19:21:23 #1 type] 
Type com.objectdb.world.Country is not enhanced.

[2021-05-14 19:21:23 #2 type] 
Type com.objectdb.world.GDP is not enhanced.

[2021-05-14 19:21:23 #3 type] 
Type com.objectdb.world.City is not enhanced.

[2021-05-14 19:21:23 #4 type] 
Type com.objectdb.world.Border is not enhanced.

[2021-05-14 19:21:23 #5 type] 
Type com.objectdb.world.Coordinates is not enhanced.

[2021-05-14 19:21:23 #6 type] 
Type Person is not enhanced.

------------------------------------------------------------------------------------------------------------------------

[2021-05-14 19:22:00 #1 type] 
Type com.objectdb.world.Country is not enhanced.

[2021-05-14 19:22:00 #2 type] 
Type com.objectdb.world.GDP is not enhanced.

[2021-05-14 19:22:00 #3 type] 
Type com.objectdb.world.City is not enhanced.

[2021-05-14 19:22:00 #4 type] 
Type com.objectdb.world.Border is not enhanced.

[2021-05-14 19:22:00 #5 type] 
Type com.objectdb.world.Coordinates is not enhanced.

[2021-05-14 19:22:00 #6 type] 
Type Person is not enhanced.

------------------------------------------------------------------------------------------------------------------------

[2021-05-14 19:23:13 #1 type] 
Type com.objectdb.world.Country is not enhanced.

[2021-05-14 19:23:13 #2 type] 
Type com.objectdb.world.GDP is not enhanced.

[2021-05-14 19:23:13 #3 type] 
Type com.objectdb.world.City is not enhanced.

[2021-05-14 19:23:13 #4 type] 
Type com.objectdb.world.Border is not enhanced.

[2021-05-14 19:23:13 #5 type] 
Type com.objectdb.world.Coordinates is not enhanced.

[2021-05-14 19:23:13 #6 type] 
Type Person is not enhanced.

------------------------------------------------------------------------------------------------------------------------

[2021-05-14 19:23:48 #1 type] 
Type com.objectdb.world.Country is not enhanced.

[2021-05-14 19:23:48 #2 type] 
Type com.objectdb.world.GDP is not enhanced.

[2021-05-14 19:23:48 #3 type] 
Type com.objectdb.world.City is not enhanced.

[2021-05-14 19:23:48 #4 type] 
Type com.objectdb.world.Border is not enhanced.

[2021-05-14 19:23:48 #5 type] 
Type com.objectdb.world.Coordinates is not enhanced.

[2021-05-14 19:23:48 #6 type] 
Type Person is not enhanced.

------------------------------------------------------------------------------------------------------------------------

[2021-05-14 19:26:52 #1 type] 
Type com.objectdb.world.Country is not enhanced.

[2021-05-14 19:26:52 #2 type] 
Type com.objectdb.world.GDP is not enhanced.

[2021-05-14 19:26:52 #3 type] 
Type com.objectdb.world.City is not enhanced.

[2021-05-14 19:26:52 #4 type] 
Type com.objectdb.world.Border is not enhanced.

[2021-05-14 19:26:52 #5 type] 
Type com.objectdb.world.Coordinates is not enhanced.

[2021-05-14 19:26:52 #6 type] 
Type Person is not enhanced.

------------------------------------------------------------------------------------------------------------------------

[2021-05-14 19:27:34 #1 type] 
Type com.objectdb.world.Country is not enhanced.

[2021-05-14 19:27:34 #2 type] 
Type com.objectdb.world.GDP is not enhanced.

[2021-05-14 19:27:34 #3 type] 
Type com.objectdb.world.City is not enhanced.

[2021-05-14 19:27:34 #4 type] 
Type com.objectdb.world.Border is not enhanced.

[2021-05-14 19:27:34 #5 type] 
Type com.objectdb.world.Coordinates is not enhanced.

[2021-05-14 19:27:34 #6 type] 
Type Person is not enhanced.

------------------------------------------------------------------------------------------------------------------------

[2021-05-14 19:27:45 #1 type] 
Type com.objectdb.world.Country is not enhanced.

[2021-05-14 19:27:45 #2 type] 
Type com.objectdb.world.GDP is not enhanced.

[2021-05-14 19:27:45 #3 type] 
Type com.objectdb.world.City is not enhanced.

[2021-05-14 19:27:45 #4 type] 
Type com.objectdb.world.Border is not enhanced.

[2021-05-14 19:27:45 #5 type] 
Type com.objectdb.world.Coordinates is not enhanced.

[2021-05-14 19:27:45 #6 type] 
Type Person is not enhanced.

------------------------------------------------------------------------------------------------------------------------

[2021-05-14 19:27:57 #1 type] 
Type com.objectdb.world.Country is not enhanced.

[2021-05-14 19:27:57 #2 type] 
Type com.objectdb.world.GDP is not enhanced.

[2021-05-14 19:27:57 #3 type] 
Type com.objectdb.world.City is not enhanced.

[2021-05-14 19:27:57 #4 type] 
Type com.objectdb.world.Border is not enhanced.

[2021-05-14 19:27:57 #5 type] 
Type com.objectdb.world.Coordinates is not enhanced.

[2021-05-14 19:27:57 #6 type] 
Type Person is not enhanced.

------------------------------------------------------------------------------------------------------------------------

[2021-05-14 19:28:08 #1 type] 
Type com.objectdb.world.Country is not enhanced.

[2021-05-14 19:28:08 #2 type] 
Type com.objectdb.world.GDP is not enhanced.

[2021-05-14 19:28:08 #3 type] 
Type com.objectdb.world.City is not enhanced.

[2021-05-14 19:28:08 #4 type] 
Type com.objectdb.world.Border is not enhanced.

[2021-05-14 19:28:08 #5 type] 
Type com.objectdb.world.Coordinates is not enhanced.

[2021-05-14 19:28:08 #6 type] 
Type Person is not enhanced.

------------------------------------------------------------------------------------------------------------------------

[2021-05-14 19:30:23 #1 type] 
Type com.objectdb.world.Country is not enhanced.

[2021-05-14 19:30:23 #2 type] 
Type com.objectdb.world.GDP is not enhanced.

[2021-05-14 19:30:23 #3 type] 
Type com.objectdb.world.City is not enhanced.

[2021-05-14 19:30:23 #4 type] 
Type com.objectdb.world.Border is not enhanced.

[2021-05-14 19:30:23 #5 type] 
Type com.objectdb.world.Coordinates is not enhanced.

[2021-05-14 19:30:23 #6 type] 
Type Person is not enhanced.

------------------------------------------------------------------------------------------------------------------------

[2021-05-14 19:30:39 #1 type] 
Type com.objectdb.world.Country is not enhanced.

[2021-05-14 19:30:39 #2 type] 
Type com.objectdb.world.GDP is not enhanced.

[2021-05-14 19:30:39 #3 type] 
Type com.objectdb.world.City is not enhanced.

[2021-05-14 19:30:39 #4 type] 
Type com.objectdb.world.Border is not enhanced.

[2021-05-14 19:30:39 #5 type] 
Type com.objectdb.world.Coordinates is not enhanced.

[2021-05-14 19:30:39 #6 type] 
Type Person is not enhanced.

------------------------------------------------------------------------------------------------------------------------

[2021-05-14 19:30:44 #1 type] 
Type com.objectdb.world.Country is not enhanced.

[2021-05-14 19:30:44 #2 type] 
Type com.objectdb.world.GDP is not enhanced.

[2021-05-14 19:30:44 #3 type] 
Type com.objectdb.world.City is not enhanced.

[2021-05-14 19:30:44 #4 type] 
Type com.objectdb.world.Border is not enhanced.

[2021-05-14 19:30:44 #5 type] 
Type com.objectdb.world.Coordinates is not enhanced.

[2021-05-14 19:30:44 #6 type] 
Type Person is not enhanced.

------------------------------------------------------------------------------------------------------------------------

[2021-05-14 19:32:04 #1 type] 
Type com.objectdb.world.Country is not enhanced.

[2021-05-14 19:32:04 #2 type] 
Type com.objectdb.world.GDP is not enhanced.

[2021-05-14 19:32:04 #3 type] 
Type com.objectdb.world.City is not enhanced.

[2021-05-14 19:32:04 #4 type] 
Type com.objectdb.world.Border is not enhanced.

[2021-05-14 19:32:04 #5 type] 
Type com.objectdb.world.Coordinates is not enhanced.

[2021-05-14 19:32:04 #6 type] 
Type Person is not enhanced.

------------------------------------------------------------------------------------------------------------------------

[2021-05-14 19:38:07 #1 type] 
Type com.objectdb.world.Country is not enhanced.

[2021-05-14 19:38:07 #2 type] 
Type com.objectdb.world.GDP is not enhanced.

[2021-05-14 19:38:07 #3 type] 
Type com.objectdb.world.City is not enhanced.

[2021-05-14 19:38:07 #4 type] 
Type com.objectdb.world.Border is not enhanced.

[2021-05-14 19:38:07 #5 type] 
Type com.objectdb.world.Coordinates is not enhanced.

------------------------------------------------------------------------------------------------------------------------

[2021-05-14 19:40:16 #1 type] 
Type com.objectdb.world.Country is not enhanced.

[2021-05-14 19:40:16 #2 type] 
Type com.objectdb.world.GDP is not enhanced.

[2021-05-14 19:40:16 #3 type] 
Type com.objectdb.world.City is not enhanced.

[2021-05-14 19:40:16 #4 type] 
Type com.objectdb.world.Border is not enhanced.

[2021-05-14 19:40:16 #5 type] 
Type com.objectdb.world.Coordinates is not enhanced.

------------------------------------------------------------------------------------------------------------------------

[2021-05-14 19:41:22 #1 type] 
Type com.objectdb.world.Country is not enhanced.

[2021-05-14 19:41:22 #2 type] 
Type com.objectdb.world.GDP is not enhanced.

[2021-05-14 19:41:22 #3 type] 
Type com.objectdb.world.City is not enhanced.

[2021-05-14 19:41:22 #4 type] 
Type com.objectdb.world.Border is not enhanced.

[2021-05-14 19:41:22 #5 type] 
Type com.objectdb.world.Coordinates is not enhanced.

------------------------------------------------------------------------------------------------------------------------

[2021-05-14 19:41:51 #1 type] 
Type com.objectdb.world.Country is not enhanced.

[2021-05-14 19:41:51 #2 type] 
Type com.objectdb.world.GDP is not enhanced.

[2021-05-14 19:41:51 #3 type] 
Type com.objectdb.world.City is not enhanced.

[2021-05-14 19:41:51 #4 type] 
Type com.objectdb.world.Border is not enhanced.

[2021-05-14 19:41:51 #5 type] 
Type com.objectdb.world.Coordinates is not enhanced.

------------------------------------------------------------------------------------------------------------------------

[2021-05-14 19:42:48 #1 type] 
Type com.objectdb.world.Country is not enhanced.

[2021-05-14 19:42:48 #2 type] 
Type com.objectdb.world.GDP is not enhanced.

[2021-05-14 19:42:48 #3 type] 
Type com.objectdb.world.City is not enhanced.

[2021-05-14 19:42:48 #4 type] 
Type com.objectdb.world.Border is not enhanced.

[2021-05-14 19:42:48 #5 type] 
Type com.objectdb.world.Coordinates is not enhanced.

------------------------------------------------------------------------------------------------------------------------

[2021-05-14 19:49:23 #1 type] 
Type com.objectdb.world.Country is not enhanced.

[2021-05-14 19:49:23 #2 type] 
Type com.objectdb.world.GDP is not enhanced.

[2021-05-14 19:49:23 #3 type] 
Type com.objectdb.world.City is not enhanced.

[2021-05-14 19:49:23 #4 type] 
Type com.objectdb.world.Border is not enhanced.

[2021-05-14 19:49:23 #5 type] 
Type com.objectdb.world.Coordinates is not enhanced.

------------------------------------------------------------------------------------------------------------------------

[2021-05-14 19:49:43 #1 type] 
Type com.objectdb.world.Country is not enhanced.

[2021-05-14 19:49:43 #2 type] 
Type com.objectdb.world.GDP is not enhanced.

[2021-05-14 19:49:43 #3 type] 
Type com.objectdb.world.City is not enhanced.

[2021-05-14 19:49:43 #4 type] 
Type com.objectdb.world.Border is not enhanced.

[2021-05-14 19:49:43 #5 type] 
Type com.objectdb.world.Coordinates is not enhanced.

------------------------------------------------------------------------------------------------------------------------

[2021-05-14 19:51:33 #1 type] 
Type com.objectdb.world.Country is not enhanced.

[2021-05-14 19:51:33 #2 type] 
Type com.objectdb.world.GDP is not enhanced.

[2021-05-14 19:51:33 #3 type] 
Type com.objectdb.world.City is not enhanced.

[2021-05-14 19:51:33 #4 type] 
Type com.objectdb.world.Border is not enhanced.

[2021-05-14 19:51:33 #5 type] 
Type com.objectdb.world.Coordinates is not enhanced.

------------------------------------------------------------------------------------------------------------------------

[2021-05-14 19:53:47 #1 type] 
Type com.objectdb.world.Country is not enhanced.

[2021-05-14 19:53:47 #2 type] 
Type com.objectdb.world.GDP is not enhanced.

[2021-05-14 19:53:47 #3 type] 
Type com.objectdb.world.City is not enhanced.

[2021-05-14 19:53:47 #4 type] 
Type com.objectdb.world.Border is not enhanced.

[2021-05-14 19:53:47 #5 type] 
Type com.objectdb.world.Coordinates is not enhanced.

------------------------------------------------------------------------------------------------------------------------

[2021-05-14 20:26:26 #1 type] 
Type com.objectdb.world.Country is not enhanced.

[2021-05-14 20:26:26 #2 type] 
Type com.objectdb.world.GDP is not enhanced.

[2021-05-14 20:26:26 #3 type] 
Type com.objectdb.world.City is not enhanced.

[2021-05-14 20:26:26 #4 type] 
Type com.objectdb.world.Border is not enhanced.

[2021-05-14 20:26:26 #5 type] 
Type com.objectdb.world.Coordinates is not enhanced.

------------------------------------------------------------------------------------------------------------------------

[2021-05-14 20:45:06 #1 type] 
Type com.objectdb.world.Country is not enhanced.

[2021-05-14 20:45:06 #2 type] 
Type com.objectdb.world.GDP is not enhanced.

[2021-05-14 20:45:06 #3 type] 
Type com.objectdb.world.City is not enhanced.

[2021-05-14 20:45:06 #4 type] 
Type com.objectdb.world.Border is not enhanced.

[2021-05-14 20:45:06 #5 type] 
Type com.objectdb.world.Coordinates is not enhanced.

------------------------------------------------------------------------------------------------------------------------

[2021-05-14 20:49:26 #1 type] 
Type com.objectdb.world.Country is not enhanced.

[2021-05-14 20:49:26 #2 type] 
Type com.objectdb.world.GDP is not enhanced.

[2021-05-14 20:49:26 #3 type] 
Type com.objectdb.world.City is not enhanced.

[2021-05-14 20:49:26 #4 type] 
Type com.objectdb.world.Border is not enhanced.

[2021-05-14 20:49:26 #5 type] 
Type com.objectdb.world.Coordinates is not enhanced.

------------------------------------------------------------------------------------------------------------------------

[2021-05-14 20:51:26 #1 type] 
Type com.objectdb.world.Country is not enhanced.

[2021-05-14 20:51:26 #2 type] 
Type com.objectdb.world.GDP is not enhanced.

[2021-05-14 20:51:26 #3 type] 
Type com.objectdb.world.City is not enhanced.

[2021-05-14 20:51:26 #4 type] 
Type com.objectdb.world.Border is not enhanced.

[2021-05-14 20:51:26 #5 type] 
Type com.objectdb.world.Coordinates is not enhanced.

------------------------------------------------------------------------------------------------------------------------

[2021-05-14 20:51:52 #1 type] 
Type com.objectdb.world.Country is not enhanced.

[2021-05-14 20:51:52 #2 type] 
Type com.objectdb.world.GDP is not enhanced.

[2021-05-14 20:51:52 #3 type] 
Type com.objectdb.world.City is not enhanced.

[2021-05-14 20:51:52 #4 type] 
Type com.objectdb.world.Border is not enhanced.

[2021-05-14 20:51:52 #5 type] 
Type com.objectdb.world.Coordinates is not enhanced.

------------------------------------------------------------------------------------------------------------------------

[2021-05-14 20:52:02 #1 type] 
Type com.objectdb.world.Country is not enhanced.

[2021-05-14 20:52:02 #2 type] 
Type com.objectdb.world.GDP is not enhanced.

[2021-05-14 20:52:02 #3 type] 
Type com.objectdb.world.City is not enhanced.

[2021-05-14 20:52:02 #4 type] 
Type com.objectdb.world.Border is not enhanced.

[2021-05-14 20:52:02 #5 type] 
Type com.objectdb.world.Coordinates is not enhanced.

------------------------------------------------------------------------------------------------------------------------

[2021-05-14 20:53:12 #1 type] 
Type com.objectdb.world.Country is not enhanced.

[2021-05-14 20:53:12 #2 type] 
Type com.objectdb.world.GDP is not enhanced.

[2021-05-14 20:53:12 #3 type] 
Type com.objectdb.world.City is not enhanced.

[2021-05-14 20:53:12 #4 type] 
Type com.objectdb.world.Border is not enhanced.

[2021-05-14 20:53:12 #5 type] 
Type com.objectdb.world.Coordinates is not enhanced.

------------------------------------------------------------------------------------------------------------------------

[2021-05-14 20:53:20 #1 type] 
Type com.objectdb.world.Country is not enhanced.

[2021-05-14 20:53:20 #2 type] 
Type com.objectdb.world.GDP is not enhanced.

[2021-05-14 20:53:20 #3 type] 
Type com.objectdb.world.City is not enhanced.

[2021-05-14 20:53:20 #4 type] 
Type com.objectdb.world.Border is not enhanced.

[2021-05-14 20:53:20 #5 type] 
Type com.objectdb.world.Coordinates is not enhanced.

------------------------------------------------------------------------------------------------------------------------

[2021-05-14 20:59:20 #1 type] 
Type com.objectdb.world.Country is not enhanced.

[2021-05-14 20:59:20 #2 type] 
Type com.objectdb.world.GDP is not enhanced.

[2021-05-14 20:59:20 #3 type] 
Type com.objectdb.world.City is not enhanced.

[2021-05-14 20:59:20 #4 type] 
Type com.objectdb.world.Border is not enhanced.

[2021-05-14 20:59:20 #5 type] 
Type com.objectdb.world.Coordinates is not enhanced.

------------------------------------------------------------------------------------------------------------------------

[2021-05-14 21:00:37 #1 type] 
Type com.objectdb.world.Country is not enhanced.

[2021-05-14 21:00:37 #2 type] 
Type com.objectdb.world.GDP is not enhanced.

[2021-05-14 21:00:37 #3 type] 
Type com.objectdb.world.City is not enhanced.

[2021-05-14 21:00:37 #4 type] 
Type com.objectdb.world.Border is not enhanced.

[2021-05-14 21:00:37 #5 type] 
Type com.objectdb.world.Coordinates is not enhanced.

------------------------------------------------------------------------------------------------------------------------

[2021-05-14 21:01:00 #1 type] 
Type com.objectdb.world.Country is not enhanced.

[2021-05-14 21:01:00 #2 type] 
Type com.objectdb.world.GDP is not enhanced.

[2021-05-14 21:01:00 #3 type] 
Type com.objectdb.world.City is not enhanced.

[2021-05-14 21:01:00 #4 type] 
Type com.objectdb.world.Border is not enhanced.

[2021-05-14 21:01:00 #5 type] 
Type com.objectdb.world.Coordinates is not enhanced.

------------------------------------------------------------------------------------------------------------------------

[2021-05-14 21:07:20 #1 type] 
Type com.objectdb.world.Country is not enhanced.

[2021-05-14 21:07:20 #2 type] 
Type com.objectdb.world.GDP is not enhanced.

[2021-05-14 21:07:20 #3 type] 
Type com.objectdb.world.City is not enhanced.

[2021-05-14 21:07:20 #4 type] 
Type com.objectdb.world.Border is not enhanced.

[2021-05-14 21:07:20 #5 type] 
Type com.objectdb.world.Coordinates is not enhanced.

------------------------------------------------------------------------------------------------------------------------

[2021-05-14 21:12:57 #1 type] 
Type com.objectdb.world.Country is not enhanced.

[2021-05-14 21:12:57 #2 type] 
Type com.objectdb.world.GDP is not enhanced.

[2021-05-14 21:12:57 #3 type] 
Type com.objectdb.world.City is not enhanced.

[2021-05-14 21:12:57 #4 type] 
Type com.objectdb.world.Border is not enhanced.

[2021-05-14 21:12:57 #5 type] 
Type com.objectdb.world.Coordinates is not enhanced.

------------------------------------------------------------------------------------------------------------------------

[2021-05-14 21:13:09 #1 type] 
Type com.objectdb.world.Country is not enhanced.

[2021-05-14 21:13:09 #2 type] 
Type com.objectdb.world.GDP is not enhanced.

[2021-05-14 21:13:09 #3 type] 
Type com.objectdb.world.City is not enhanced.

[2021-05-14 21:13:09 #4 type] 
Type com.objectdb.world.Border is not enhanced.

[2021-05-14 21:13:09 #5 type] 
Type com.objectdb.world.Coordinates is not enhanced.

