------------------------------------------------------------------------------------------------------------------------

[2021-04-24 02:12:37 #1 type] 
Type com.objectdb.world.Country is not enhanced.

[2021-04-24 02:12:37 #2 type] 
Type com.objectdb.world.GDP is not enhanced.

[2021-04-24 02:12:37 #3 type] 
Type com.objectdb.world.City is not enhanced.

[2021-04-24 02:12:37 #4 type] 
Type com.objectdb.world.Border is not enhanced.

[2021-04-24 02:12:37 #5 type] 
Type com.objectdb.world.Coordinates is not enhanced.

------------------------------------------------------------------------------------------------------------------------

[2021-04-24 02:14:25 #1 type] 
Type com.objectdb.world.Country is not enhanced.

[2021-04-24 02:14:25 #2 type] 
Type com.objectdb.world.GDP is not enhanced.

[2021-04-24 02:14:25 #3 type] 
Type com.objectdb.world.City is not enhanced.

[2021-04-24 02:14:25 #4 type] 
Type com.objectdb.world.Border is not enhanced.

[2021-04-24 02:14:25 #5 type] 
Type com.objectdb.world.Coordinates is not enhanced.

------------------------------------------------------------------------------------------------------------------------

[2021-04-24 02:18:19 #1 type] 
Type com.objectdb.world.Country is not enhanced.

[2021-04-24 02:18:19 #2 type] 
Type com.objectdb.world.GDP is not enhanced.

[2021-04-24 02:18:19 #3 type] 
Type com.objectdb.world.City is not enhanced.

[2021-04-24 02:18:19 #4 type] 
Type com.objectdb.world.Border is not enhanced.

[2021-04-24 02:18:19 #5 type] 
Type com.objectdb.world.Coordinates is not enhanced.

[2021-04-24 02:18:19 #6 type] 
Type Person is not enhanced.

------------------------------------------------------------------------------------------------------------------------

[2021-04-24 02:19:18 #1 type] 
Type com.objectdb.world.Country is not enhanced.

[2021-04-24 02:19:18 #2 type] 
Type com.objectdb.world.GDP is not enhanced.

[2021-04-24 02:19:18 #3 type] 
Type com.objectdb.world.City is not enhanced.

[2021-04-24 02:19:18 #4 type] 
Type com.objectdb.world.Border is not enhanced.

[2021-04-24 02:19:18 #5 type] 
Type com.objectdb.world.Coordinates is not enhanced.

[2021-04-24 02:19:18 #6 type] 
Type Person is not enhanced.

------------------------------------------------------------------------------------------------------------------------

[2021-04-24 02:23:56 #1 type] 
Type com.objectdb.world.Country is not enhanced.

[2021-04-24 02:23:56 #2 type] 
Type com.objectdb.world.GDP is not enhanced.

[2021-04-24 02:23:56 #3 type] 
Type com.objectdb.world.City is not enhanced.

[2021-04-24 02:23:56 #4 type] 
Type com.objectdb.world.Border is not enhanced.

[2021-04-24 02:23:56 #5 type] 
Type com.objectdb.world.Coordinates is not enhanced.

[2021-04-24 02:23:56 #6 type] 
Type Person is not enhanced.

------------------------------------------------------------------------------------------------------------------------

[2021-04-24 02:26:31 #1 type] 
Type com.objectdb.world.Country is not enhanced.

[2021-04-24 02:26:31 #2 type] 
Type com.objectdb.world.GDP is not enhanced.

[2021-04-24 02:26:31 #3 type] 
Type com.objectdb.world.City is not enhanced.

[2021-04-24 02:26:31 #4 type] 
Type com.objectdb.world.Border is not enhanced.

[2021-04-24 02:26:31 #5 type] 
Type com.objectdb.world.Coordinates is not enhanced.

[2021-04-24 02:26:31 #6 type] 
Type Person is not enhanced.

------------------------------------------------------------------------------------------------------------------------

[2021-04-24 02:30:08 #1 type] 
Type com.objectdb.world.Country is not enhanced.

[2021-04-24 02:30:08 #2 type] 
Type com.objectdb.world.GDP is not enhanced.

[2021-04-24 02:30:08 #3 type] 
Type com.objectdb.world.City is not enhanced.

[2021-04-24 02:30:08 #4 type] 
Type com.objectdb.world.Border is not enhanced.

[2021-04-24 02:30:08 #5 type] 
Type com.objectdb.world.Coordinates is not enhanced.

[2021-04-24 02:30:08 #6 type] 
Type Person is not enhanced.

------------------------------------------------------------------------------------------------------------------------

[2021-04-24 02:31:41 #1 type] 
Type com.objectdb.world.Country is not enhanced.

[2021-04-24 02:31:41 #2 type] 
Type com.objectdb.world.GDP is not enhanced.

[2021-04-24 02:31:41 #3 type] 
Type com.objectdb.world.City is not enhanced.

[2021-04-24 02:31:41 #4 type] 
Type com.objectdb.world.Border is not enhanced.

[2021-04-24 02:31:41 #5 type] 
Type com.objectdb.world.Coordinates is not enhanced.

[2021-04-24 02:31:41 #6 type] 
Type Person is not enhanced.

------------------------------------------------------------------------------------------------------------------------

[2021-04-24 02:44:18 #1 type] 
Type com.objectdb.world.Country is not enhanced.

[2021-04-24 02:44:18 #2 type] 
Type com.objectdb.world.GDP is not enhanced.

[2021-04-24 02:44:18 #3 type] 
Type com.objectdb.world.City is not enhanced.

[2021-04-24 02:44:18 #4 type] 
Type com.objectdb.world.Border is not enhanced.

[2021-04-24 02:44:18 #5 type] 
Type com.objectdb.world.Coordinates is not enhanced.

[2021-04-24 02:44:18 #6 type] 
Type Person is not enhanced.

------------------------------------------------------------------------------------------------------------------------

[2021-04-24 02:44:58 #1 type] 
Type com.objectdb.world.Country is not enhanced.

[2021-04-24 02:44:58 #2 type] 
Type com.objectdb.world.GDP is not enhanced.

[2021-04-24 02:44:58 #3 type] 
Type com.objectdb.world.City is not enhanced.

[2021-04-24 02:44:58 #4 type] 
Type com.objectdb.world.Border is not enhanced.

[2021-04-24 02:44:58 #5 type] 
Type com.objectdb.world.Coordinates is not enhanced.

[2021-04-24 02:44:58 #6 type] 
Type Person is not enhanced.

------------------------------------------------------------------------------------------------------------------------

[2021-04-24 02:45:22 #1 type] 
Type com.objectdb.world.Country is not enhanced.

[2021-04-24 02:45:22 #2 type] 
Type com.objectdb.world.GDP is not enhanced.

[2021-04-24 02:45:22 #3 type] 
Type com.objectdb.world.City is not enhanced.

[2021-04-24 02:45:22 #4 type] 
Type com.objectdb.world.Border is not enhanced.

[2021-04-24 02:45:22 #5 type] 
Type com.objectdb.world.Coordinates is not enhanced.

[2021-04-24 02:45:22 #6 type] 
Type Person is not enhanced.

